<?xml version="1.0" encoding="utf-8"?>
<TestRun id="a610e6cb-f9ac-4df7-ac1d-eec41a8c1429" name="Asus@DESKTOP-GBNCN2L 2025-08-15 17:47:19" runUser="DESKTOP-GBNCN2L\Asus" xmlns="http://microsoft.com/schemas/VisualStudio/TeamTest/2010">
  <Times creation="2025-08-15T17:47:19.0194641-05:00" queuing="2025-08-15T17:47:19.0194643-05:00" start="2025-08-15T17:47:18.1209355-05:00" finish="2025-08-15T17:47:19.2260318-05:00" />
  <TestSettings name="default" id="110a2235-e2f0-448d-b446-bddc3ec09a8d">
    <Deployment runDeploymentRoot="Asus_DESKTOP-GBNCN2L_2025-08-15_17_47_19" />
  </TestSettings>
  <Results>
    <UnitTestResult executionId="8fcb0b37-4a96-4100-8b8a-549a6a0f7be9" testId="229c31e7-50f9-a424-2385-3aa1a4195b6a" testName="Create_Normaliza_Trim_ColapsaEspacios_Y_LimitaLongitudes" computerName="DESKTOP-GBNCN2L" duration="00:00:00.0003170" startTime="2025-08-15T17:47:18.9807015-05:00" endTime="2025-08-15T17:47:18.9810182-05:00" testType="13cdc9d9-ddb5-4fa4-a97d-d965ccfc6d4b" outcome="Passed" testListId="8c84fa94-04c1-424b-9868-57a2d4851a1d" relativeResultsDirectory="8fcb0b37-4a96-4100-8b8a-549a6a0f7be9" />
    <UnitTestResult executionId="d5ff9f08-a27c-4921-84a2-37bfede9ec81" testId="0ddb5ea0-b0fe-a195-56bd-89c0e850b600" testName="Create_CodigoInvalido_Lanza" computerName="DESKTOP-GBNCN2L" duration="00:00:00.0011140" startTime="2025-08-15T17:47:19.0931125-05:00" endTime="2025-08-15T17:47:19.0942259-05:00" testType="13cdc9d9-ddb5-4fa4-a97d-d965ccfc6d4b" outcome="Passed" testListId="8c84fa94-04c1-424b-9868-57a2d4851a1d" relativeResultsDirectory="d5ff9f08-a27c-4921-84a2-37bfede9ec81" />
    <UnitTestResult executionId="3ce8894c-63b7-4b8c-8b8f-7997e4826ee8" testId="caf76239-ece7-ca2a-cd42-d532c3ae6aa9" testName="InferirDesdeSerie_Comportamiento(&quot;B1&quot;,&quot;03&quot;)" computerName="DESKTOP-GBNCN2L" duration="00:00:00.0001210" startTime="2025-08-15T17:47:19.0909356-05:00" endTime="2025-08-15T17:47:19.0910565-05:00" testType="13cdc9d9-ddb5-4fa4-a97d-d965ccfc6d4b" outcome="Passed" testListId="8c84fa94-04c1-424b-9868-57a2d4851a1d" relativeResultsDirectory="3ce8894c-63b7-4b8c-8b8f-7997e4826ee8" />
    <UnitTestResult executionId="9b33da9e-a3bb-43d3-8472-6a67be4c2135" testId="3d2270b7-8536-fddd-5801-211baf8b130f" testName="Create_ExcedeMaxLength_LanzaArgumentException" computerName="DESKTOP-GBNCN2L" duration="00:00:00.0008440" startTime="2025-08-15T17:47:19.0812200-05:00" endTime="2025-08-15T17:47:19.0820637-05:00" testType="13cdc9d9-ddb5-4fa4-a97d-d965ccfc6d4b" outcome="Passed" testListId="8c84fa94-04c1-424b-9868-57a2d4851a1d" relativeResultsDirectory="9b33da9e-a3bb-43d3-8472-6a67be4c2135" />
    <UnitTestResult executionId="5e9d7694-f533-41a3-b1d4-50028b10541c" testId="9b8b5b22-114d-8ad7-be23-a6761af5edd6" testName="Create_MasDe6Decimales_Lanza" computerName="DESKTOP-GBNCN2L" duration="00:00:00.0003500" startTime="2025-08-15T17:47:18.9634094-05:00" endTime="2025-08-15T17:47:18.9637593-05:00" testType="13cdc9d9-ddb5-4fa4-a97d-d965ccfc6d4b" outcome="Passed" testListId="8c84fa94-04c1-424b-9868-57a2d4851a1d" relativeResultsDirectory="5e9d7694-f533-41a3-b1d4-50028b10541c" />
    <UnitTestResult executionId="0f8d8890-ef11-41bd-9a5b-37adc467608d" testId="e8185e06-be2e-0b60-28e9-abb0c16cdadb" testName="FromFraccion_Acepta0a1" computerName="DESKTOP-GBNCN2L" duration="00:00:00.0001360" startTime="2025-08-15T17:47:19.0014566-05:00" endTime="2025-08-15T17:47:19.0015924-05:00" testType="13cdc9d9-ddb5-4fa4-a97d-d965ccfc6d4b" outcome="Passed" testListId="8c84fa94-04c1-424b-9868-57a2d4851a1d" relativeResultsDirectory="0f8d8890-ef11-41bd-9a5b-37adc467608d" />
    <UnitTestResult executionId="4c299dda-57c0-4526-a609-cb0ea6d8db70" testId="caeeb02b-a145-8053-b402-208a041323ac" testName="FromCliente_Ruc10_PermiteGuionAutocompletado" computerName="DESKTOP-GBNCN2L" duration="00:00:00.0009580" startTime="2025-08-15T17:47:19.0157587-05:00" endTime="2025-08-15T17:47:19.0167166-05:00" testType="13cdc9d9-ddb5-4fa4-a97d-d965ccfc6d4b" outcome="Passed" testListId="8c84fa94-04c1-424b-9868-57a2d4851a1d" relativeResultsDirectory="4c299dda-57c0-4526-a609-cb0ea6d8db70" />
    <UnitTestResult executionId="34eebf3e-c061-4114-8efd-ed346799a57e" testId="7bf05922-94d8-eb20-557c-b89042d0de7b" testName="FromMonto_RechazaNegativos" computerName="DESKTOP-GBNCN2L" duration="00:00:00.0006380" startTime="2025-08-15T17:47:18.9937028-05:00" endTime="2025-08-15T17:47:18.9943406-05:00" testType="13cdc9d9-ddb5-4fa4-a97d-d965ccfc6d4b" outcome="Passed" testListId="8c84fa94-04c1-424b-9868-57a2d4851a1d" relativeResultsDirectory="34eebf3e-c061-4114-8efd-ed346799a57e" />
    <UnitTestResult executionId="8f3b4515-7840-4935-be86-ac551a212694" testId="4b3c8f22-21cd-911b-a79a-b258c969eadd" testName="ValidarCompatibilidadConSerie_FormatoInvalido_LanzaArgumentException(&quot;F-01&quot;)" computerName="DESKTOP-GBNCN2L" duration="00:00:00.0001210" startTime="2025-08-15T17:47:19.0920140-05:00" endTime="2025-08-15T17:47:19.0921347-05:00" testType="13cdc9d9-ddb5-4fa4-a97d-d965ccfc6d4b" outcome="Passed" testListId="8c84fa94-04c1-424b-9868-57a2d4851a1d" relativeResultsDirectory="8f3b4515-7840-4935-be86-ac551a212694" />
    <UnitTestResult executionId="0331efbe-73c5-49ca-aa5e-a5112b4492b0" testId="149c6cb2-931b-80e7-522f-0aa07f2b1017" testName="CalcularMontos_NoGravado_PrecioSinIgv" computerName="DESKTOP-GBNCN2L" duration="00:00:00.0002230" startTime="2025-08-15T17:47:19.0412510-05:00" endTime="2025-08-15T17:47:19.0414743-05:00" testType="13cdc9d9-ddb5-4fa4-a97d-d965ccfc6d4b" outcome="Passed" testListId="8c84fa94-04c1-424b-9868-57a2d4851a1d" relativeResultsDirectory="0331efbe-73c5-49ca-aa5e-a5112b4492b0" />
    <UnitTestResult executionId="55f9a64e-4afd-4e47-b740-89c278631a16" testId="fa1b4d5a-4d3f-597c-f2e5-b0356906d89e" testName="ValidarCompatibilidadConSerie_FormatoInvalido_LanzaArgumentException(&quot;F*01&quot;)" computerName="DESKTOP-GBNCN2L" duration="00:00:00.0001120" startTime="2025-08-15T17:47:19.0921389-05:00" endTime="2025-08-15T17:47:19.0922505-05:00" testType="13cdc9d9-ddb5-4fa4-a97d-d965ccfc6d4b" outcome="Passed" testListId="8c84fa94-04c1-424b-9868-57a2d4851a1d" relativeResultsDirectory="55f9a64e-4afd-4e47-b740-89c278631a16" />
    <UnitTestResult executionId="df65056a-a14d-4bea-9b8a-3a951518bf9e" testId="90d004c8-99b7-3198-639a-803f6337286f" testName="ValidarCompatibilidadConSerie_Vacia_LanzaArgumentException(null)" computerName="DESKTOP-GBNCN2L" duration="00:00:00.0001040" startTime="2025-08-15T17:47:19.0924674-05:00" endTime="2025-08-15T17:47:19.0925714-05:00" testType="13cdc9d9-ddb5-4fa4-a97d-d965ccfc6d4b" outcome="Passed" testListId="8c84fa94-04c1-424b-9868-57a2d4851a1d" relativeResultsDirectory="df65056a-a14d-4bea-9b8a-3a951518bf9e" />
    <UnitTestResult executionId="abcbd39c-5714-425e-a7c1-61a97975d212" testId="cec6ddb5-ae71-7aad-e199-76597722fc5e" testName="Create_AceptaLongitudMaximaDeCodigo_35" computerName="DESKTOP-GBNCN2L" duration="00:00:00.0013860" startTime="2025-08-15T17:47:18.9690684-05:00" endTime="2025-08-15T17:47:18.9704541-05:00" testType="13cdc9d9-ddb5-4fa4-a97d-d965ccfc6d4b" outcome="Passed" testListId="8c84fa94-04c1-424b-9868-57a2d4851a1d" relativeResultsDirectory="abcbd39c-5714-425e-a7c1-61a97975d212" />
    <UnitTestResult executionId="b2f54ae7-6a35-4af5-ad0f-d4708e01dac9" testId="99be0577-abe2-0740-a552-57b1803b2d8b" testName="Create_Falla_SiCodigoExcede35" computerName="DESKTOP-GBNCN2L" duration="00:00:00.0002020" startTime="2025-08-15T17:47:18.9709494-05:00" endTime="2025-08-15T17:47:18.9711511-05:00" testType="13cdc9d9-ddb5-4fa4-a97d-d965ccfc6d4b" outcome="Passed" testListId="8c84fa94-04c1-424b-9868-57a2d4851a1d" relativeResultsDirectory="b2f54ae7-6a35-4af5-ad0f-d4708e01dac9" />
    <UnitTestResult executionId="dc1a4c87-6900-4927-8678-59cfcb117f6f" testId="2d6a56d4-0a53-b9ba-099e-a132b6ee86a8" testName="CalcularMontos_Gravado10_PrecioConIgv_CantidadesSimples" computerName="DESKTOP-GBNCN2L" duration="00:00:00.0002940" startTime="2025-08-15T17:47:19.0399654-05:00" endTime="2025-08-15T17:47:19.0402591-05:00" testType="13cdc9d9-ddb5-4fa4-a97d-d965ccfc6d4b" outcome="Passed" testListId="8c84fa94-04c1-424b-9868-57a2d4851a1d" relativeResultsDirectory="dc1a4c87-6900-4927-8678-59cfcb117f6f" />
    <UnitTestResult executionId="cbb0ad12-464f-4dca-a767-091d90cac1b2" testId="1826ecce-c5c9-3269-2955-79298d95cd77" testName="FromOptional_NullOWhitespace_DevuelveNull" computerName="DESKTOP-GBNCN2L" duration="00:00:00.0000910" startTime="2025-08-15T17:47:19.0831945-05:00" endTime="2025-08-15T17:47:19.0832851-05:00" testType="13cdc9d9-ddb5-4fa4-a97d-d965ccfc6d4b" outcome="Passed" testListId="8c84fa94-04c1-424b-9868-57a2d4851a1d" relativeResultsDirectory="cbb0ad12-464f-4dca-a767-091d90cac1b2" />
    <UnitTestResult executionId="dd60ca1f-a316-4c74-b3fc-4e0e153a6298" testId="fc1c8b86-e7a8-82b1-70c2-06cdd508d18a" testName="ToString_IncluyeAutor_SiExiste" computerName="DESKTOP-GBNCN2L" duration="00:00:00.0002160" startTime="2025-08-15T17:47:19.0464741-05:00" endTime="2025-08-15T17:47:19.0466904-05:00" testType="13cdc9d9-ddb5-4fa4-a97d-d965ccfc6d4b" outcome="Passed" testListId="8c84fa94-04c1-424b-9868-57a2d4851a1d" relativeResultsDirectory="dd60ca1f-a316-4c74-b3fc-4e0e153a6298" />
    <UnitTestResult executionId="794cc3d9-1974-4d05-b9ef-2c8f4f2ef37c" testId="a0afc6a3-2490-0422-ad60-f8e18b578254" testName="InferirDesdeSerie_Comportamiento(&quot;   &quot;,null)" computerName="DESKTOP-GBNCN2L" duration="00:00:00.0000020" startTime="2025-08-15T17:47:19.0910724-05:00" endTime="2025-08-15T17:47:19.0910739-05:00" testType="13cdc9d9-ddb5-4fa4-a97d-d965ccfc6d4b" outcome="Passed" testListId="8c84fa94-04c1-424b-9868-57a2d4851a1d" relativeResultsDirectory="794cc3d9-1974-4d05-b9ef-2c8f4f2ef37c" />
    <UnitTestResult executionId="b0127508-0f3f-4472-85f7-4762eeb4f579" testId="5bc8edf5-dcde-e4d5-ad03-a4892ecc6023" testName="Create_LanzaSiVencimientoEsAnteriorALaEmision" computerName="DESKTOP-GBNCN2L" duration="00:00:00.0001780" startTime="2025-08-15T17:47:19.0337159-05:00" endTime="2025-08-15T17:47:19.0338937-05:00" testType="13cdc9d9-ddb5-4fa4-a97d-d965ccfc6d4b" outcome="Passed" testListId="8c84fa94-04c1-424b-9868-57a2d4851a1d" relativeResultsDirectory="b0127508-0f3f-4472-85f7-4762eeb4f579" />
    <UnitTestResult executionId="91bcf282-4f7b-4e11-bfa7-c88de6128cfc" testId="37f843fe-7fce-bfbe-8cac-0f2e24051cf7" testName="Create_Lanza_SiAutorMuyLargo" computerName="DESKTOP-GBNCN2L" duration="00:00:00.0002060" startTime="2025-08-15T17:47:19.0448689-05:00" endTime="2025-08-15T17:47:19.0450748-05:00" testType="13cdc9d9-ddb5-4fa4-a97d-d965ccfc6d4b" outcome="Passed" testListId="8c84fa94-04c1-424b-9868-57a2d4851a1d" relativeResultsDirectory="91bcf282-4f7b-4e11-bfa7-c88de6128cfc" />
    <UnitTestResult executionId="91473373-2d3f-45c2-97a6-ff3ba27c4d46" testId="71228bfc-640f-e318-051f-c2d7b3b7fbab" testName="IgualAEmision_FijaVencimientoEnMismaFecha" computerName="DESKTOP-GBNCN2L" duration="00:00:00.0001250" startTime="2025-08-15T17:47:19.0343732-05:00" endTime="2025-08-15T17:47:19.0344977-05:00" testType="13cdc9d9-ddb5-4fa4-a97d-d965ccfc6d4b" outcome="Passed" testListId="8c84fa94-04c1-424b-9868-57a2d4851a1d" relativeResultsDirectory="91473373-2d3f-45c2-97a6-ff3ba27c4d46" />
    <UnitTestResult executionId="9e97055a-e19b-4759-96a3-59b3ab12212d" testId="3e4c2c54-e382-fe53-936c-35a9cb5776f5" testName="ValidarCompatibilidadConSerie_FormatoInvalido_LanzaArgumentException(&quot;F0012&quot;)" computerName="DESKTOP-GBNCN2L" duration="00:00:00.0000130" startTime="2025-08-15T17:47:19.0922552-05:00" endTime="2025-08-15T17:47:19.0922684-05:00" testType="13cdc9d9-ddb5-4fa4-a97d-d965ccfc6d4b" outcome="Passed" testListId="8c84fa94-04c1-424b-9868-57a2d4851a1d" relativeResultsDirectory="9e97055a-e19b-4759-96a3-59b3ab12212d" />
    <UnitTestResult executionId="4e745967-6e44-4dba-863a-9990b1d60d14" testId="6828e0ce-b39d-dc54-7038-120477a76335" testName="CreateRuc_LargoInvalido_LanzaArgumentException" computerName="DESKTOP-GBNCN2L" duration="00:00:00.0001600" startTime="2025-08-15T17:47:19.0191386-05:00" endTime="2025-08-15T17:47:19.0192981-05:00" testType="13cdc9d9-ddb5-4fa4-a97d-d965ccfc6d4b" outcome="Passed" testListId="8c84fa94-04c1-424b-9868-57a2d4851a1d" relativeResultsDirectory="4e745967-6e44-4dba-863a-9990b1d60d14" />
    <UnitTestResult executionId="19a59ba2-e174-432a-a430-02291e231cd7" testId="4e0069ad-ed1d-e863-718b-8e9310d74a5e" testName="Emitir_Factura_Credito_ConDescuentoGlobalPct_OK" computerName="DESKTOP-GBNCN2L" duration="00:00:00.0009610" startTime="2025-08-15T17:47:18.9573417-05:00" endTime="2025-08-15T17:47:18.9583022-05:00" testType="13cdc9d9-ddb5-4fa4-a97d-d965ccfc6d4b" outcome="Passed" testListId="8c84fa94-04c1-424b-9868-57a2d4851a1d" relativeResultsDirectory="19a59ba2-e174-432a-a430-02291e231cd7" />
    <UnitTestResult executionId="8faa71e9-d6d3-4021-a3f7-57cae985fb52" testId="2fd1009c-a118-69b6-3bcb-1e03f8f9f125" testName="FromOptional_NullOrEmpty_ReturnsNull(&quot;&quot;)" computerName="DESKTOP-GBNCN2L" duration="00:00:00.0001240" startTime="2025-08-15T17:47:19.0517575-05:00" endTime="2025-08-15T17:47:19.0518811-05:00" testType="13cdc9d9-ddb5-4fa4-a97d-d965ccfc6d4b" outcome="Passed" testListId="8c84fa94-04c1-424b-9868-57a2d4851a1d" relativeResultsDirectory="8faa71e9-d6d3-4021-a3f7-57cae985fb52" />
    <UnitTestResult executionId="91c9dfc2-9cbf-4d41-92cf-0d9b45be5cd2" testId="3cece437-4481-e1f4-03da-be36956d3395" testName="IgualdadPorValor_MismoContenido_EsIgual" computerName="DESKTOP-GBNCN2L" duration="00:00:00.0005030" startTime="2025-08-15T17:47:19.0869210-05:00" endTime="2025-08-15T17:47:19.0874237-05:00" testType="13cdc9d9-ddb5-4fa4-a97d-d965ccfc6d4b" outcome="Passed" testListId="8c84fa94-04c1-424b-9868-57a2d4851a1d" relativeResultsDirectory="91c9dfc2-9cbf-4d41-92cf-0d9b45be5cd2" />
    <UnitTestResult executionId="b1413868-0bdd-470b-b084-e1c48602d6ee" testId="79da3505-81ec-b07d-b0de-4279ca0d280a" testName="Create_DireccionNull_Lanza" computerName="DESKTOP-GBNCN2L" duration="00:00:00.0003590" startTime="2025-08-15T17:47:19.0209294-05:00" endTime="2025-08-15T17:47:19.0212884-05:00" testType="13cdc9d9-ddb5-4fa4-a97d-d965ccfc6d4b" outcome="Passed" testListId="8c84fa94-04c1-424b-9868-57a2d4851a1d" relativeResultsDirectory="b1413868-0bdd-470b-b084-e1c48602d6ee" />
    <UnitTestResult executionId="15849c17-be9c-460f-8766-7f3d597a25fe" testId="c020f375-1bf2-3d7d-d30a-e8240ee3df2d" testName="Create_RespetaMaxScalePersonalizado" computerName="DESKTOP-GBNCN2L" duration="00:00:00.0002990" startTime="2025-08-15T17:47:18.9654345-05:00" endTime="2025-08-15T17:47:18.9657331-05:00" testType="13cdc9d9-ddb5-4fa4-a97d-d965ccfc6d4b" outcome="Passed" testListId="8c84fa94-04c1-424b-9868-57a2d4851a1d" relativeResultsDirectory="15849c17-be9c-460f-8766-7f3d597a25fe" />
    <UnitTestResult executionId="87ab787a-7a10-4e28-b09f-106d3d59c776" testId="f909a178-50ac-1f8d-e106-f3df0bd63716" testName="FromFraccion_RechazaFueraDeRango" computerName="DESKTOP-GBNCN2L" duration="00:00:00.0003579" startTime="2025-08-15T17:47:18.9920689-05:00" endTime="2025-08-15T17:47:18.9924272-05:00" testType="13cdc9d9-ddb5-4fa4-a97d-d965ccfc6d4b" outcome="Passed" testListId="8c84fa94-04c1-424b-9868-57a2d4851a1d" relativeResultsDirectory="87ab787a-7a10-4e28-b09f-106d3d59c776" />
    <UnitTestResult executionId="f0cfa774-9e2d-4c74-8aff-3460ad913868" testId="e75d0fdb-51b8-c7b7-39cb-9afaf7968b08" testName="ContadoPersonalizado_RequiereMetodo_NoSoloEspacios" computerName="DESKTOP-GBNCN2L" duration="00:00:00.0002210" startTime="2025-08-15T17:47:19.0388091-05:00" endTime="2025-08-15T17:47:19.0390305-05:00" testType="13cdc9d9-ddb5-4fa4-a97d-d965ccfc6d4b" outcome="Passed" testListId="8c84fa94-04c1-424b-9868-57a2d4851a1d" relativeResultsDirectory="f0cfa774-9e2d-4c74-8aff-3460ad913868" />
    <UnitTestResult executionId="f96dbc7f-907d-4615-a8ae-2dc85c915496" testId="6d882a3e-3a84-8645-5eed-80e46d3117cc" testName="ToString_FormatoEsperado" computerName="DESKTOP-GBNCN2L" duration="00:00:00.0049290" startTime="2025-08-15T17:47:19.0282638-05:00" endTime="2025-08-15T17:47:19.0331921-05:00" testType="13cdc9d9-ddb5-4fa4-a97d-d965ccfc6d4b" outcome="Passed" testListId="8c84fa94-04c1-424b-9868-57a2d4851a1d" relativeResultsDirectory="f96dbc7f-907d-4615-a8ae-2dc85c915496" />
    <UnitTestResult executionId="3b4a7718-75b3-4d04-ab66-e7274378105b" testId="5fb93032-985b-717f-a3d4-591abd933dd1" testName="Create_NoNegativos_RedondeaSegunMoneda" computerName="DESKTOP-GBNCN2L" duration="00:00:00.0001620" startTime="2025-08-15T17:47:19.0983269-05:00" endTime="2025-08-15T17:47:19.0984889-05:00" testType="13cdc9d9-ddb5-4fa4-a97d-d965ccfc6d4b" outcome="Passed" testListId="8c84fa94-04c1-424b-9868-57a2d4851a1d" relativeResultsDirectory="3b4a7718-75b3-4d04-ab66-e7274378105b" />
    <UnitTestResult executionId="e71afbbe-5788-4760-ab4e-a1e81b23bd37" testId="5d0adfc1-1ec0-a4d1-5714-afa853350e09" testName="Descuento_MontoFijo15_CalculaBien" computerName="DESKTOP-GBNCN2L" duration="00:00:00.0003950" startTime="2025-08-15T17:47:18.9404910-05:00" endTime="2025-08-15T17:47:18.9408859-05:00" testType="13cdc9d9-ddb5-4fa4-a97d-d965ccfc6d4b" outcome="Passed" testListId="8c84fa94-04c1-424b-9868-57a2d4851a1d" relativeResultsDirectory="e71afbbe-5788-4760-ab4e-a1e81b23bd37" />
    <UnitTestResult executionId="bb4f42d1-5931-4336-8195-e5dcb125e8dc" testId="a10b67d8-d9de-e868-05bd-ecf3f4c54002" testName="Create_NIU_ConDecimales_LanzaPorPrecision" computerName="DESKTOP-GBNCN2L" duration="00:00:00.0004600" startTime="2025-08-15T17:47:18.9400212-05:00" endTime="2025-08-15T17:47:18.9404809-05:00" testType="13cdc9d9-ddb5-4fa4-a97d-d965ccfc6d4b" outcome="Passed" testListId="8c84fa94-04c1-424b-9868-57a2d4851a1d" relativeResultsDirectory="bb4f42d1-5931-4336-8195-e5dcb125e8dc" />
    <UnitTestResult executionId="32432660-b01c-4c52-b75c-f45a58849cd4" testId="7d1886dd-4340-a05e-4326-2cd60675e820" testName="Json_RoundTrip_SiEsPosible" computerName="DESKTOP-GBNCN2L" duration="00:00:00.0251540" startTime="2025-08-15T17:47:19.0986608-05:00" endTime="2025-08-15T17:47:19.1238149-05:00" testType="13cdc9d9-ddb5-4fa4-a97d-d965ccfc6d4b" outcome="NotExecuted" testListId="8c84fa94-04c1-424b-9868-57a2d4851a1d" relativeResultsDirectory="32432660-b01c-4c52-b75c-f45a58849cd4">
      <Output>
        <StdOut>Moneda no es deserializable con System.Text.Json (sin JsonConstructor/ctor público).</StdOut>
        <ErrorInfo>
          <Message>Moneda no es deserializable con System.Text.Json (sin JsonConstructor/ctor público).</Message>
        </ErrorInfo>
      </Output>
    </UnitTestResult>
    <UnitTestResult executionId="9be35c2a-4e4a-4706-8844-732f9fed2669" testId="42d0c8d6-8938-818d-e18e-0864f469c5c3" testName="Create_NoPositivo_Lanza(-0.01d)" computerName="DESKTOP-GBNCN2L" duration="00:00:00.0000550" startTime="2025-08-15T17:47:18.9653494-05:00" endTime="2025-08-15T17:47:18.9654040-05:00" testType="13cdc9d9-ddb5-4fa4-a97d-d965ccfc6d4b" outcome="Passed" testListId="8c84fa94-04c1-424b-9868-57a2d4851a1d" relativeResultsDirectory="9be35c2a-4e4a-4706-8844-732f9fed2669" />
    <UnitTestResult executionId="616dffe0-107d-4471-ba2f-5dc38426524b" testId="f710437a-3705-62f1-3169-57cebc8fa15a" testName="Create_Gravado18_PrecioConIgv_Cant2_CalculaBien" computerName="DESKTOP-GBNCN2L" duration="00:00:00.0003610" startTime="2025-08-15T17:47:18.9393603-05:00" endTime="2025-08-15T17:47:18.9397218-05:00" testType="13cdc9d9-ddb5-4fa4-a97d-d965ccfc6d4b" outcome="Passed" testListId="8c84fa94-04c1-424b-9868-57a2d4851a1d" relativeResultsDirectory="616dffe0-107d-4471-ba2f-5dc38426524b" />
    <UnitTestResult executionId="1a6c6030-09f2-4681-96c9-4110ce8f6d18" testId="6077a66d-26f2-6d17-9c23-083af3d80f45" testName="CalcularMontoDescuento_LanzaSiSubtotalNoValido" computerName="DESKTOP-GBNCN2L" duration="00:00:00.0002070" startTime="2025-08-15T17:47:18.9905862-05:00" endTime="2025-08-15T17:47:18.9907936-05:00" testType="13cdc9d9-ddb5-4fa4-a97d-d965ccfc6d4b" outcome="Passed" testListId="8c84fa94-04c1-424b-9868-57a2d4851a1d" relativeResultsDirectory="1a6c6030-09f2-4681-96c9-4110ce8f6d18" />
    <UnitTestResult executionId="eea1da9a-d283-490a-ad47-276dd6b6aed8" testId="1c9ed18e-0eb3-cb44-8e2d-4f447b58e562" testName="ToString_DevuelveTexto" computerName="DESKTOP-GBNCN2L" duration="00:00:00.0000860" startTime="2025-08-15T17:47:19.0832902-05:00" endTime="2025-08-15T17:47:19.0833759-05:00" testType="13cdc9d9-ddb5-4fa4-a97d-d965ccfc6d4b" outcome="Passed" testListId="8c84fa94-04c1-424b-9868-57a2d4851a1d" relativeResultsDirectory="eea1da9a-d283-490a-ad47-276dd6b6aed8" />
    <UnitTestResult executionId="d24086dd-34db-4cf6-88ad-64835e203d65" testId="da6234df-7a94-53ca-f32f-1b6109a9b69d" testName="Create_Falla_SiCodigoTieneCaracteresNoPermitidos(&quot;A|B&quot;)" computerName="DESKTOP-GBNCN2L" duration="00:00:00.0000240" startTime="2025-08-15T17:47:18.9719610-05:00" endTime="2025-08-15T17:47:18.9719846-05:00" testType="13cdc9d9-ddb5-4fa4-a97d-d965ccfc6d4b" outcome="Passed" testListId="8c84fa94-04c1-424b-9868-57a2d4851a1d" relativeResultsDirectory="d24086dd-34db-4cf6-88ad-64835e203d65" />
    <UnitTestResult executionId="9b5eb931-62c1-4280-a8a9-8df7db1bb449" testId="574c1be7-dbc1-5675-152e-fb2427db265c" testName="FromNumeroDetectandoTipo_LargoNoValido_LanzaArgumentException" computerName="DESKTOP-GBNCN2L" duration="00:00:00.0002890" startTime="2025-08-15T17:47:19.0197702-05:00" endTime="2025-08-15T17:47:19.0200585-05:00" testType="13cdc9d9-ddb5-4fa4-a97d-d965ccfc6d4b" outcome="Passed" testListId="8c84fa94-04c1-424b-9868-57a2d4851a1d" relativeResultsDirectory="9b5eb931-62c1-4280-a8a9-8df7db1bb449" />
    <UnitTestResult executionId="9ac5c60e-82e2-4bb3-8e8d-b0204aac69d1" testId="dfe2ad5a-aa8f-9a36-6da4-7308dee281a7" testName="Create_Trunca_Nombre_y_Detalle_Segun_Maximos" computerName="DESKTOP-GBNCN2L" duration="00:00:00.0002470" startTime="2025-08-15T17:47:18.9812818-05:00" endTime="2025-08-15T17:47:18.9815284-05:00" testType="13cdc9d9-ddb5-4fa4-a97d-d965ccfc6d4b" outcome="Passed" testListId="8c84fa94-04c1-424b-9868-57a2d4851a1d" relativeResultsDirectory="9ac5c60e-82e2-4bb3-8e8d-b0204aac69d1" />
    <UnitTestResult executionId="ed7143a9-8289-4caa-8461-8b0140e361a1" testId="72b10523-df8a-9437-9507-79c07044c28d" testName="Create_Vacio_LanzaArgumentException" computerName="DESKTOP-GBNCN2L" duration="00:00:00.0004740" startTime="2025-08-15T17:47:19.0824546-05:00" endTime="2025-08-15T17:47:19.0829284-05:00" testType="13cdc9d9-ddb5-4fa4-a97d-d965ccfc6d4b" outcome="Passed" testListId="8c84fa94-04c1-424b-9868-57a2d4851a1d" relativeResultsDirectory="ed7143a9-8289-4caa-8461-8b0140e361a1" />
    <UnitTestResult executionId="b81ba78a-da18-4940-b6c3-1ebcdeb00d1b" testId="6fef9e16-d168-57a2-acb5-9df735d8edb6" testName="Gravado10_MapeaCorrecto_TaxSchemeId_Percent_EsGravado" computerName="DESKTOP-GBNCN2L" duration="00:00:00.0002480" startTime="2025-08-15T17:47:19.0439931-05:00" endTime="2025-08-15T17:47:19.0442410-05:00" testType="13cdc9d9-ddb5-4fa4-a97d-d965ccfc6d4b" outcome="Passed" testListId="8c84fa94-04c1-424b-9868-57a2d4851a1d" relativeResultsDirectory="b81ba78a-da18-4940-b6c3-1ebcdeb00d1b" />
    <UnitTestResult executionId="9501db7a-bbe6-4349-839a-ad222d02d939" testId="1c88216f-43ad-aee4-2d3e-b4a5619482e3" testName="Create_Invalido_LanzaArgumentException(&quot;&quot;)" computerName="DESKTOP-GBNCN2L" duration="00:00:00.0001290" startTime="2025-08-15T17:47:19.0886678-05:00" endTime="2025-08-15T17:47:19.0887963-05:00" testType="13cdc9d9-ddb5-4fa4-a97d-d965ccfc6d4b" outcome="Passed" testListId="8c84fa94-04c1-424b-9868-57a2d4851a1d" relativeResultsDirectory="9501db7a-bbe6-4349-839a-ad222d02d939" />
    <UnitTestResult executionId="b2477d00-dfeb-455a-9ce9-5ec27f77ba33" testId="737ab96a-79f2-270d-1974-951a279c4390" testName="Create_LanzaSiLineaVaciaOWhitespace" computerName="DESKTOP-GBNCN2L" duration="00:00:00.0100870" startTime="2025-08-15T17:47:19.0042065-05:00" endTime="2025-08-15T17:47:19.0142933-05:00" testType="13cdc9d9-ddb5-4fa4-a97d-d965ccfc6d4b" outcome="Passed" testListId="8c84fa94-04c1-424b-9868-57a2d4851a1d" relativeResultsDirectory="b2477d00-dfeb-455a-9ce9-5ec27f77ba33" />
    <UnitTestResult executionId="9002690a-3fe1-4962-9af7-f5565fa42d1b" testId="62f69221-55ca-7b22-983b-77410347ce64" testName="Create_Invalido_LanzaArgumentException(&quot; &quot;)" computerName="DESKTOP-GBNCN2L" duration="00:00:00.0001210" startTime="2025-08-15T17:47:19.0888005-05:00" endTime="2025-08-15T17:47:19.0889218-05:00" testType="13cdc9d9-ddb5-4fa4-a97d-d965ccfc6d4b" outcome="Passed" testListId="8c84fa94-04c1-424b-9868-57a2d4851a1d" relativeResultsDirectory="9002690a-3fe1-4962-9af7-f5565fa42d1b" />
    <UnitTestResult executionId="582366a9-feab-4926-8ebc-e5607dda3104" testId="972f9092-94c6-a285-6f1a-315ac7a88a7b" testName="TryRestar_MonedaDistinta_RetornaFalse_SinResultado" computerName="DESKTOP-GBNCN2L" duration="00:00:00.0004870" startTime="2025-08-15T17:47:19.1303079-05:00" endTime="2025-08-15T17:47:19.1307953-05:00" testType="13cdc9d9-ddb5-4fa4-a97d-d965ccfc6d4b" outcome="Passed" testListId="8c84fa94-04c1-424b-9868-57a2d4851a1d" relativeResultsDirectory="582366a9-feab-4926-8ebc-e5607dda3104" />
    <UnitTestResult executionId="e4c65136-6cf6-40c9-88b9-e323b8dc4787" testId="57ca130a-0edf-7075-8237-0dc75a90e803" testName="Create_Falla_SiCodigoTieneCaracteresNoPermitidos(&quot;ABCÑ&quot;)" computerName="DESKTOP-GBNCN2L" duration="00:00:00.0002460" startTime="2025-08-15T17:47:18.9716649-05:00" endTime="2025-08-15T17:47:18.9719108-05:00" testType="13cdc9d9-ddb5-4fa4-a97d-d965ccfc6d4b" outcome="Passed" testListId="8c84fa94-04c1-424b-9868-57a2d4851a1d" relativeResultsDirectory="e4c65136-6cf6-40c9-88b9-e323b8dc4787" />
    <UnitTestResult executionId="2f7315ad-12d5-4064-942a-1c1998a22666" testId="fa5b5c4d-70aa-0374-4cfd-f745e50b0129" testName="ConMonto_CreaNuevaInstancia_Normalizada" computerName="DESKTOP-GBNCN2L" duration="00:00:00.0003550" startTime="2025-08-15T17:47:19.0975713-05:00" endTime="2025-08-15T17:47:19.0979260-05:00" testType="13cdc9d9-ddb5-4fa4-a97d-d965ccfc6d4b" outcome="Passed" testListId="8c84fa94-04c1-424b-9868-57a2d4851a1d" relativeResultsDirectory="2f7315ad-12d5-4064-942a-1c1998a22666" />
    <UnitTestResult executionId="d089f75b-ec4c-44af-8e6b-3775e7ebfe5a" testId="a9e3b81d-906f-5b9f-00bd-b7953f67ee83" testName="Create_TipoInvalido_Lanza" computerName="DESKTOP-GBNCN2L" duration="00:00:00.0001650" startTime="2025-08-15T17:47:19.0257453-05:00" endTime="2025-08-15T17:47:19.0259105-05:00" testType="13cdc9d9-ddb5-4fa4-a97d-d965ccfc6d4b" outcome="Passed" testListId="8c84fa94-04c1-424b-9868-57a2d4851a1d" relativeResultsDirectory="d089f75b-ec4c-44af-8e6b-3775e7ebfe5a" />
    <UnitTestResult executionId="a61b18b8-a767-47ca-b844-a49e918eb88c" testId="072933c3-8e6f-5b93-3290-6477adbef817" testName="CambioEnFormulario_ReemplazarInstancia_SinEfectosColaterales" computerName="DESKTOP-GBNCN2L" duration="00:00:00.0001230" startTime="2025-08-15T17:47:19.0885295-05:00" endTime="2025-08-15T17:47:19.0886523-05:00" testType="13cdc9d9-ddb5-4fa4-a97d-d965ccfc6d4b" outcome="Passed" testListId="8c84fa94-04c1-424b-9868-57a2d4851a1d" relativeResultsDirectory="a61b18b8-a767-47ca-b844-a49e918eb88c" />
    <UnitTestResult executionId="f91a6aae-a42f-40e6-98b1-4294057cc299" testId="2c18e9ca-7fe1-49de-0789-19dfc0703a56" testName="Create_AutorEnBlanco_QuedaNull" computerName="DESKTOP-GBNCN2L" duration="00:00:00.0002960" startTime="2025-08-15T17:47:19.0445674-05:00" endTime="2025-08-15T17:47:19.0448635-05:00" testType="13cdc9d9-ddb5-4fa4-a97d-d965ccfc6d4b" outcome="Passed" testListId="8c84fa94-04c1-424b-9868-57a2d4851a1d" relativeResultsDirectory="f91a6aae-a42f-40e6-98b1-4294057cc299" />
    <UnitTestResult executionId="08a35eec-951c-41ed-8816-99485ecd7e3a" testId="0b2593b5-1538-3a8a-9cc2-d61b6a4a74a6" testName="ToString_FormateaSegunNombre" computerName="DESKTOP-GBNCN2L" duration="00:00:00.0005800" startTime="2025-08-15T17:47:19.0955809-05:00" endTime="2025-08-15T17:47:19.0961607-05:00" testType="13cdc9d9-ddb5-4fa4-a97d-d965ccfc6d4b" outcome="Passed" testListId="8c84fa94-04c1-424b-9868-57a2d4851a1d" relativeResultsDirectory="08a35eec-951c-41ed-8816-99485ecd7e3a" />
    <UnitTestResult executionId="fc7fd428-c12e-473a-b114-e9ce5a03e3b0" testId="1f08dc7d-b1d8-6e69-fb17-668deb40555b" testName="ToAllowanceCharge_Monto_NoIncluyeFactor" computerName="DESKTOP-GBNCN2L" duration="00:00:00.0006890" startTime="2025-08-15T17:47:18.9960996-05:00" endTime="2025-08-15T17:47:18.9967890-05:00" testType="13cdc9d9-ddb5-4fa4-a97d-d965ccfc6d4b" outcome="Passed" testListId="8c84fa94-04c1-424b-9868-57a2d4851a1d" relativeResultsDirectory="fc7fd428-c12e-473a-b114-e9ce5a03e3b0" />
    <UnitTestResult executionId="d50b5b1f-786a-4126-ac29-060f3638ddd2" testId="cab66ffb-8056-eeca-2d8d-60d314993c39" testName="Atajos_Comunes_DevuelvenCodigosEsperados" computerName="DESKTOP-GBNCN2L" duration="00:00:00.0003470" startTime="2025-08-15T17:47:19.0927595-05:00" endTime="2025-08-15T17:47:19.0931065-05:00" testType="13cdc9d9-ddb5-4fa4-a97d-d965ccfc6d4b" outcome="Passed" testListId="8c84fa94-04c1-424b-9868-57a2d4851a1d" relativeResultsDirectory="d50b5b1f-786a-4126-ac29-060f3638ddd2" />
    <UnitTestResult executionId="681a3082-7ec4-4405-b579-4ec896cb6fed" testId="21d23935-6afb-c802-2c09-0b8be945c7f8" testName="DesdeDiasCredito_CalculaVencimientoSumandoDias" computerName="DESKTOP-GBNCN2L" duration="00:00:00.0002010" startTime="2025-08-15T17:47:19.0339083-05:00" endTime="2025-08-15T17:47:19.0341095-05:00" testType="13cdc9d9-ddb5-4fa4-a97d-d965ccfc6d4b" outcome="Passed" testListId="8c84fa94-04c1-424b-9868-57a2d4851a1d" relativeResultsDirectory="681a3082-7ec4-4405-b579-4ec896cb6fed" />
    <UnitTestResult executionId="85576bdc-0e87-4e89-bbeb-dc8371b36f6e" testId="81f8fcfa-2252-611d-6a46-76f0bcab639c" testName="Create_Valido_SinNombre_UsaSoloCodigo" computerName="DESKTOP-GBNCN2L" duration="00:00:00.0001750" startTime="2025-08-15T17:47:19.0947804-05:00" endTime="2025-08-15T17:47:19.0949550-05:00" testType="13cdc9d9-ddb5-4fa4-a97d-d965ccfc6d4b" outcome="Passed" testListId="8c84fa94-04c1-424b-9868-57a2d4851a1d" relativeResultsDirectory="85576bdc-0e87-4e89-bbeb-dc8371b36f6e" />
    <UnitTestResult executionId="0379df34-f6fb-4466-b79c-0cb244c7aa92" testId="295e38eb-bd13-d1b8-fddb-4f2a089370cf" testName="Create_Falla_SiCodigoTieneCaracteresNoPermitidos(&quot;ABC@123&quot;)" computerName="DESKTOP-GBNCN2L" duration="00:00:00.0000380" startTime="2025-08-15T17:47:18.9719194-05:00" endTime="2025-08-15T17:47:18.9719578-05:00" testType="13cdc9d9-ddb5-4fa4-a97d-d965ccfc6d4b" outcome="Passed" testListId="8c84fa94-04c1-424b-9868-57a2d4851a1d" relativeResultsDirectory="0379df34-f6fb-4466-b79c-0cb244c7aa92" />
    <UnitTestResult executionId="f181e9c2-6b30-466f-942e-8e51abd0c532" testId="6b0a503c-5cbb-c34e-bcfb-0fb3a62bd7d1" testName="Crear_Borrador_SinLineas_OK_TotalesCero" computerName="DESKTOP-GBNCN2L" duration="00:00:00.0007030" startTime="2025-08-15T17:47:18.9625958-05:00" endTime="2025-08-15T17:47:18.9632990-05:00" testType="13cdc9d9-ddb5-4fa4-a97d-d965ccfc6d4b" outcome="Passed" testListId="8c84fa94-04c1-424b-9868-57a2d4851a1d" relativeResultsDirectory="f181e9c2-6b30-466f-942e-8e51abd0c532" />
    <UnitTestResult executionId="582aca98-d710-4271-9bdf-98adfed3991d" testId="6b4c7349-838d-0272-8c97-da37625e4081" testName="Create_Gravado18_PrecioSinIgv_Cant2_CalculaBien" computerName="DESKTOP-GBNCN2L" duration="00:00:00.0002860" startTime="2025-08-15T17:47:18.9397291-05:00" endTime="2025-08-15T17:47:18.9400150-05:00" testType="13cdc9d9-ddb5-4fa4-a97d-d965ccfc6d4b" outcome="Passed" testListId="8c84fa94-04c1-424b-9868-57a2d4851a1d" relativeResultsDirectory="582aca98-d710-4271-9bdf-98adfed3991d" />
    <UnitTestResult executionId="98d4c90d-2938-427a-a4f3-b7151320191a" testId="9191dee5-342b-2b14-fb17-4788ad4a9eef" testName="Aplicar_Porcentaje10_Gravado18_SinPrecioIncluidoIGV" computerName="DESKTOP-GBNCN2L" duration="00:00:00.0002950" startTime="2025-08-15T17:47:19.0009379-05:00" endTime="2025-08-15T17:47:19.0012330-05:00" testType="13cdc9d9-ddb5-4fa4-a97d-d965ccfc6d4b" outcome="Passed" testListId="8c84fa94-04c1-424b-9868-57a2d4851a1d" relativeResultsDirectory="98d4c90d-2938-427a-a4f3-b7151320191a" />
    <UnitTestResult executionId="4f31530c-11d8-47a8-ad58-07e2cb2ad728" testId="25c9cd5f-7b77-819d-b7c6-65e10236ab64" testName="Sumar_MismaMoneda_Ok" computerName="DESKTOP-GBNCN2L" duration="00:00:00.0002730" startTime="2025-08-15T17:47:19.1266928-05:00" endTime="2025-08-15T17:47:19.1269655-05:00" testType="13cdc9d9-ddb5-4fa4-a97d-d965ccfc6d4b" outcome="Passed" testListId="8c84fa94-04c1-424b-9868-57a2d4851a1d" relativeResultsDirectory="4f31530c-11d8-47a8-ad58-07e2cb2ad728" />
    <UnitTestResult executionId="67dcb2a6-8cda-4d2f-b110-891efe895ec5" testId="28474a9e-a610-be90-afd2-7c379d85b9db" testName="Create_PorCodigo_PropiedadesBasicas_OK(&quot;03&quot;,&quot;Boleta&quot;,False,True,5)" computerName="DESKTOP-GBNCN2L" duration="00:00:00.0002280" startTime="2025-08-15T17:47:19.0898828-05:00" endTime="2025-08-15T17:47:19.0901102-05:00" testType="13cdc9d9-ddb5-4fa4-a97d-d965ccfc6d4b" outcome="Passed" testListId="8c84fa94-04c1-424b-9868-57a2d4851a1d" relativeResultsDirectory="67dcb2a6-8cda-4d2f-b110-891efe895ec5" />
    <UnitTestResult executionId="25d26d2e-b467-4d0f-afe0-3fe7acf8f7ec" testId="02ac044e-131d-ce2f-ca61-87a500c27be3" testName="Create_NoHyphen_UppercasesAndTrims" computerName="DESKTOP-GBNCN2L" duration="00:00:00.0000940" startTime="2025-08-15T17:47:19.0769844-05:00" endTime="2025-08-15T17:47:19.0770781-05:00" testType="13cdc9d9-ddb5-4fa4-a97d-d965ccfc6d4b" outcome="Passed" testListId="8c84fa94-04c1-424b-9868-57a2d4851a1d" relativeResultsDirectory="25d26d2e-b467-4d0f-afe0-3fe7acf8f7ec" />
    <UnitTestResult executionId="dc93831b-a8cc-4109-9f2a-2f71f7dde00e" testId="1c01c148-8fa1-d32c-855a-c985ea070c45" testName="FromOptional_NullOrEmpty_ReturnsNull(&quot;   &quot;)" computerName="DESKTOP-GBNCN2L" duration="00:00:00.0000040" startTime="2025-08-15T17:47:19.0786938-05:00" endTime="2025-08-15T17:47:19.0786980-05:00" testType="13cdc9d9-ddb5-4fa4-a97d-d965ccfc6d4b" outcome="Passed" testListId="8c84fa94-04c1-424b-9868-57a2d4851a1d" relativeResultsDirectory="dc93831b-a8cc-4109-9f2a-2f71f7dde00e" />
    <UnitTestResult executionId="6150379a-238a-4564-bfac-626021585c11" testId="ca593dce-6c50-4fb2-60d2-861f2c50795a" testName="Create_NoPositivo_Lanza(-1)" computerName="DESKTOP-GBNCN2L" duration="00:00:00.0004900" startTime="2025-08-15T17:47:18.9648422-05:00" endTime="2025-08-15T17:47:18.9653323-05:00" testType="13cdc9d9-ddb5-4fa4-a97d-d965ccfc6d4b" outcome="Passed" testListId="8c84fa94-04c1-424b-9868-57a2d4851a1d" relativeResultsDirectory="6150379a-238a-4564-bfac-626021585c11" />
    <UnitTestResult executionId="5a465943-c28f-4603-b4d1-96d63985eb75" testId="8990ea93-4347-e30b-f823-62d36861754e" testName="Create_NotNumericCorrelativo_NoPadding_KeepText" computerName="DESKTOP-GBNCN2L" duration="00:00:00.0000520" startTime="2025-08-15T17:47:19.0770821-05:00" endTime="2025-08-15T17:47:19.0771341-05:00" testType="13cdc9d9-ddb5-4fa4-a97d-d965ccfc6d4b" outcome="Passed" testListId="8c84fa94-04c1-424b-9868-57a2d4851a1d" relativeResultsDirectory="5a465943-c28f-4603-b4d1-96d63985eb75" />
    <UnitTestResult executionId="64b9dd1d-7dd7-4559-983b-60432062a9f8" testId="33b043a7-eae2-d00f-f09e-0903d85eed25" testName="Anular_Comprobante_EnDraft_DebeFallar" computerName="DESKTOP-GBNCN2L" duration="00:00:00.0015360" startTime="2025-08-15T17:47:18.9525432-05:00" endTime="2025-08-15T17:47:18.9540786-05:00" testType="13cdc9d9-ddb5-4fa4-a97d-d965ccfc6d4b" outcome="Passed" testListId="8c84fa94-04c1-424b-9868-57a2d4851a1d" relativeResultsDirectory="64b9dd1d-7dd7-4559-983b-60432062a9f8" />
    <UnitTestResult executionId="6a3ff439-a4ed-4fa4-9ce5-c224f1d63a43" testId="ac47803a-356a-e45f-0744-8fab0575473a" testName="Equality_MismoContenido_EsIgual" computerName="DESKTOP-GBNCN2L" duration="00:00:00.0005290" startTime="2025-08-15T17:47:19.0422425-05:00" endTime="2025-08-15T17:47:19.0427716-05:00" testType="13cdc9d9-ddb5-4fa4-a97d-d965ccfc6d4b" outcome="Passed" testListId="8c84fa94-04c1-424b-9868-57a2d4851a1d" relativeResultsDirectory="6a3ff439-a4ed-4fa4-9ce5-c224f1d63a43" />
    <UnitTestResult executionId="cfb99645-6076-4b37-82fe-116e03485efe" testId="cbbce767-0b04-c4da-7ec8-0038ffd931e3" testName="FromCliente_Dni_PermiteGuionAutocompletado" computerName="DESKTOP-GBNCN2L" duration="00:00:00.0002980" startTime="2025-08-15T17:47:19.0154390-05:00" endTime="2025-08-15T17:47:19.0157366-05:00" testType="13cdc9d9-ddb5-4fa4-a97d-d965ccfc6d4b" outcome="Passed" testListId="8c84fa94-04c1-424b-9868-57a2d4851a1d" relativeResultsDirectory="cfb99645-6076-4b37-82fe-116e03485efe" />
    <UnitTestResult executionId="bc9509d4-7457-4183-bb99-68a6b719370b" testId="f528e511-4c43-bb99-0839-8001992e6f0e" testName="ToAllowanceCharge_Porcentaje_SeteaFactorYAmount" computerName="DESKTOP-GBNCN2L" duration="00:00:00.0005290" startTime="2025-08-15T17:47:18.9970496-05:00" endTime="2025-08-15T17:47:18.9975788-05:00" testType="13cdc9d9-ddb5-4fa4-a97d-d965ccfc6d4b" outcome="Passed" testListId="8c84fa94-04c1-424b-9868-57a2d4851a1d" relativeResultsDirectory="bc9509d4-7457-4183-bb99-68a6b719370b" />
    <UnitTestResult executionId="ed953d65-e4dd-41a9-98e5-608cfbc2be59" testId="216cd97f-8f17-0ba4-af02-db118558d941" testName="DescuentoGlobal_Porcentaje_RecalculaBaseEIgvConProrrateo" computerName="DESKTOP-GBNCN2L" duration="00:00:00.0006540" startTime="2025-08-15T17:47:18.9192805-05:00" endTime="2025-08-15T17:47:18.9199344-05:00" testType="13cdc9d9-ddb5-4fa4-a97d-d965ccfc6d4b" outcome="Passed" testListId="8c84fa94-04c1-424b-9868-57a2d4851a1d" relativeResultsDirectory="ed953d65-e4dd-41a9-98e5-608cfbc2be59" />
    <UnitTestResult executionId="0b9fdac2-e5cb-4e3b-b925-5e11d1196806" testId="b2134773-375c-4f3c-5f5f-a656887e86e7" testName="Credito_DeberiaUsarCodigo20_SinMetodo" computerName="DESKTOP-GBNCN2L" duration="00:00:00.0002020" startTime="2025-08-15T17:47:19.0393505-05:00" endTime="2025-08-15T17:47:19.0395529-05:00" testType="13cdc9d9-ddb5-4fa4-a97d-d965ccfc6d4b" outcome="Passed" testListId="8c84fa94-04c1-424b-9868-57a2d4851a1d" relativeResultsDirectory="0b9fdac2-e5cb-4e3b-b925-5e11d1196806" />
    <UnitTestResult executionId="0061183a-70d0-40d8-a72c-a4cd3d62691e" testId="793cdeb0-32d7-ca60-5deb-3d49f20d9cb6" testName="Create_Invalido_LanzaArgumentException(&quot;99&quot;)" computerName="DESKTOP-GBNCN2L" duration="00:00:00.0000130" startTime="2025-08-15T17:47:19.0889265-05:00" endTime="2025-08-15T17:47:19.0889398-05:00" testType="13cdc9d9-ddb5-4fa4-a97d-d965ccfc6d4b" outcome="Passed" testListId="8c84fa94-04c1-424b-9868-57a2d4851a1d" relativeResultsDirectory="0061183a-70d0-40d8-a72c-a4cd3d62691e" />
    <UnitTestResult executionId="143ee6f6-5d88-4b18-b3f2-da291bccf660" testId="51fdf96b-78cb-eddb-45ac-2fbe6f8094e5" testName="Create_Falla_SiCodigoTieneCaracteresNoPermitidos(&quot;ABC,123&quot;)" computerName="DESKTOP-GBNCN2L" duration="00:00:00.0004810" startTime="2025-08-15T17:47:18.9711734-05:00" endTime="2025-08-15T17:47:18.9716542-05:00" testType="13cdc9d9-ddb5-4fa4-a97d-d965ccfc6d4b" outcome="Passed" testListId="8c84fa94-04c1-424b-9868-57a2d4851a1d" relativeResultsDirectory="143ee6f6-5d88-4b18-b3f2-da291bccf660" />
    <UnitTestResult executionId="75159757-aae8-4622-9d1a-e3a412b06217" testId="96d016fd-6b03-4912-2d99-fb6a32535cb8" testName="Create_LanzaSiSerieInvalida" computerName="DESKTOP-GBNCN2L" duration="00:00:00.0017130" startTime="2025-08-15T17:47:19.0840803-05:00" endTime="2025-08-15T17:47:19.0857932-05:00" testType="13cdc9d9-ddb5-4fa4-a97d-d965ccfc6d4b" outcome="Passed" testListId="8c84fa94-04c1-424b-9868-57a2d4851a1d" relativeResultsDirectory="75159757-aae8-4622-9d1a-e3a412b06217" />
    <UnitTestResult executionId="c06c8336-716c-42c7-8f65-be8f8360d96b" testId="3872c943-b946-0982-e6fc-a84dd2503e07" testName="RoundTo_ScaleCero_RedondeaUnidad" computerName="DESKTOP-GBNCN2L" duration="00:00:00.0000940" startTime="2025-08-15T17:47:18.9683065-05:00" endTime="2025-08-15T17:47:18.9684005-05:00" testType="13cdc9d9-ddb5-4fa4-a97d-d965ccfc6d4b" outcome="Passed" testListId="8c84fa94-04c1-424b-9868-57a2d4851a1d" relativeResultsDirectory="c06c8336-716c-42c7-8f65-be8f8360d96b" />
    <UnitTestResult executionId="7ca071a6-4d7d-4a29-a270-d6ef5c5319f2" testId="bd67ef03-8185-cc88-7651-5af9bcec807a" testName="Validaciones_LongitudesMetodoYNombre" computerName="DESKTOP-GBNCN2L" duration="00:00:00.0002910" startTime="2025-08-15T17:47:19.0395683-05:00" endTime="2025-08-15T17:47:19.0398588-05:00" testType="13cdc9d9-ddb5-4fa4-a97d-d965ccfc6d4b" outcome="Passed" testListId="8c84fa94-04c1-424b-9868-57a2d4851a1d" relativeResultsDirectory="7ca071a6-4d7d-4a29-a270-d6ef5c5319f2" />
    <UnitTestResult executionId="51aa6521-fc00-42ce-a229-e56699040d2d" testId="1261d2bb-50dd-b154-900d-5cf17cb88f95" testName="ToAllowanceCharge_None_AmountCero" computerName="DESKTOP-GBNCN2L" duration="00:00:00.0002290" startTime="2025-08-15T17:47:18.9968132-05:00" endTime="2025-08-15T17:47:18.9970424-05:00" testType="13cdc9d9-ddb5-4fa4-a97d-d965ccfc6d4b" outcome="Passed" testListId="8c84fa94-04c1-424b-9868-57a2d4851a1d" relativeResultsDirectory="51aa6521-fc00-42ce-a229-e56699040d2d" />
    <UnitTestResult executionId="fcf3153d-fd49-4b82-a8ff-0577d060c851" testId="b1f1cabe-3a92-8a06-1fa3-307495202622" testName="Create_SoloCodigo_Valido_NormalizaTrimYMayusculas" computerName="DESKTOP-GBNCN2L" duration="00:00:00.0002310" startTime="2025-08-15T17:47:18.9725552-05:00" endTime="2025-08-15T17:47:18.9727861-05:00" testType="13cdc9d9-ddb5-4fa4-a97d-d965ccfc6d4b" outcome="Passed" testListId="8c84fa94-04c1-424b-9868-57a2d4851a1d" relativeResultsDirectory="fcf3153d-fd49-4b82-a8ff-0577d060c851" />
    <UnitTestResult executionId="c4cd8b9a-0ae5-417c-891b-43d1e69e80ba" testId="2e6d8787-e250-8685-9694-cf283c066b4f" testName="TryParse_AceptaConGuionOEspacio_YNormaliza" computerName="DESKTOP-GBNCN2L" duration="00:00:00.0004340" startTime="2025-08-15T17:47:19.0878487-05:00" endTime="2025-08-15T17:47:19.0882822-05:00" testType="13cdc9d9-ddb5-4fa4-a97d-d965ccfc6d4b" outcome="Passed" testListId="8c84fa94-04c1-424b-9868-57a2d4851a1d" relativeResultsDirectory="c4cd8b9a-0ae5-417c-891b-43d1e69e80ba" />
    <UnitTestResult executionId="fc32c097-7440-456a-b34a-ba2b6dd05488" testId="7efaa26b-23eb-b826-46f9-968aab2c9539" testName="NoGravado_ConTasaNoNula_Lanza" computerName="DESKTOP-GBNCN2L" duration="00:00:00.0000260" startTime="2025-08-15T17:47:19.0444654-05:00" endTime="2025-08-15T17:47:19.0444916-05:00" testType="13cdc9d9-ddb5-4fa4-a97d-d965ccfc6d4b" outcome="Passed" testListId="8c84fa94-04c1-424b-9868-57a2d4851a1d" relativeResultsDirectory="fc32c097-7440-456a-b34a-ba2b6dd05488" />
    <UnitTestResult executionId="e1594c0e-dd9f-4848-a26e-696d68381083" testId="6da74839-9a27-cb0c-186a-ee7b2825a2ca" testName="FromOptional_NullOVacio_RetornaNull" computerName="DESKTOP-GBNCN2L" duration="00:00:00.0001010" startTime="2025-08-15T17:47:18.9738328-05:00" endTime="2025-08-15T17:47:18.9739334-05:00" testType="13cdc9d9-ddb5-4fa4-a97d-d965ccfc6d4b" outcome="Passed" testListId="8c84fa94-04c1-424b-9868-57a2d4851a1d" relativeResultsDirectory="e1594c0e-dd9f-4848-a26e-696d68381083" />
    <UnitTestResult executionId="2552bdaa-f8a8-42d2-ac71-a57aebb5bf72" testId="2348c81e-6969-d836-d6fe-00df3aeccdc2" testName="TryCreate_Invalido_FalseYTipoNull" computerName="DESKTOP-GBNCN2L" duration="00:00:00.0001710" startTime="2025-08-15T17:47:19.0915708-05:00" endTime="2025-08-15T17:47:19.0917413-05:00" testType="13cdc9d9-ddb5-4fa4-a97d-d965ccfc6d4b" outcome="Passed" testListId="8c84fa94-04c1-424b-9868-57a2d4851a1d" relativeResultsDirectory="2552bdaa-f8a8-42d2-ac71-a57aebb5bf72" />
    <UnitTestResult executionId="57fbcf6e-15d4-4b1a-a934-a3f6741ac44f" testId="993d03f6-9253-6834-ebf5-d8f38788ec5a" testName="Enviado_Rechazado_Anulado_FlujoEstados" computerName="DESKTOP-GBNCN2L" duration="00:00:00.0010500" startTime="2025-08-15T17:47:18.9229376-05:00" endTime="2025-08-15T17:47:18.9239872-05:00" testType="13cdc9d9-ddb5-4fa4-a97d-d965ccfc6d4b" outcome="Passed" testListId="8c84fa94-04c1-424b-9868-57a2d4851a1d" relativeResultsDirectory="57fbcf6e-15d4-4b1a-a934-a3f6741ac44f" />
    <UnitTestResult executionId="cf0661c2-7840-4203-b45d-c1206c935f6c" testId="bad68169-e2d0-74b7-3311-e07e057fe711" testName="None_EsNinguno_Y_MontoEsCero" computerName="DESKTOP-GBNCN2L" duration="00:00:00.0003740" startTime="2025-08-15T17:47:18.9955914-05:00" endTime="2025-08-15T17:47:18.9959656-05:00" testType="13cdc9d9-ddb5-4fa4-a97d-d965ccfc6d4b" outcome="Passed" testListId="8c84fa94-04c1-424b-9868-57a2d4851a1d" relativeResultsDirectory="cf0661c2-7840-4203-b45d-c1206c935f6c" />
    <UnitTestResult executionId="2c732e52-f9a4-440c-a771-e3d55c10b3dc" testId="f4eaf769-c0df-8013-97b6-d737ef8623c7" testName="CreateDni_Ok_Normaliza" computerName="DESKTOP-GBNCN2L" duration="00:00:00.0004130" startTime="2025-08-15T17:47:19.0184996-05:00" endTime="2025-08-15T17:47:19.0189128-05:00" testType="13cdc9d9-ddb5-4fa4-a97d-d965ccfc6d4b" outcome="Passed" testListId="8c84fa94-04c1-424b-9868-57a2d4851a1d" relativeResultsDirectory="2c732e52-f9a4-440c-a771-e3d55c10b3dc" />
    <UnitTestResult executionId="6532efd0-ed49-495c-9a7f-82af5282fc01" testId="2f86e9e2-df27-fd0a-cd35-54afc84bc6d7" testName="Next_IncrementaNumero_YLanzaEnMaximo" computerName="DESKTOP-GBNCN2L" duration="00:00:00.0003900" startTime="2025-08-15T17:47:19.0874420-05:00" endTime="2025-08-15T17:47:19.0878318-05:00" testType="13cdc9d9-ddb5-4fa4-a97d-d965ccfc6d4b" outcome="Passed" testListId="8c84fa94-04c1-424b-9868-57a2d4851a1d" relativeResultsDirectory="6532efd0-ed49-495c-9a7f-82af5282fc01" />
    <UnitTestResult executionId="a9511a87-b8b7-44b3-8c3f-cfe38127fed5" testId="43038119-23eb-efec-ca0f-7898faf41dd6" testName="Create_AceptaVencimientoIgualOPosteriorALaEmision" computerName="DESKTOP-GBNCN2L" duration="00:00:00.0003150" startTime="2025-08-15T17:47:19.0333831-05:00" endTime="2025-08-15T17:47:19.0336977-05:00" testType="13cdc9d9-ddb5-4fa4-a97d-d965ccfc6d4b" outcome="Passed" testListId="8c84fa94-04c1-424b-9868-57a2d4851a1d" relativeResultsDirectory="a9511a87-b8b7-44b3-8c3f-cfe38127fed5" />
    <UnitTestResult executionId="ab482279-ae03-4640-a496-bf44487ee378" testId="8063cca8-8b53-328b-29d6-30bf1fc8128d" testName="Igualdad_MismoValor_True_Distinto_False" computerName="DESKTOP-GBNCN2L" duration="00:00:00.0011170" startTime="2025-08-15T17:47:18.9669278-05:00" endTime="2025-08-15T17:47:18.9680451-05:00" testType="13cdc9d9-ddb5-4fa4-a97d-d965ccfc6d4b" outcome="Passed" testListId="8c84fa94-04c1-424b-9868-57a2d4851a1d" relativeResultsDirectory="ab482279-ae03-4640-a496-bf44487ee378" />
    <UnitTestResult executionId="b2922ed4-4656-465c-b0f4-4132a06ce2f2" testId="e7cbfe6e-a345-2590-b411-5fe7ccc18577" testName="Hoy_TipoInvalido_Lanza" computerName="DESKTOP-GBNCN2L" duration="00:00:00.0004770" startTime="2025-08-15T17:47:19.0277628-05:00" endTime="2025-08-15T17:47:19.0282394-05:00" testType="13cdc9d9-ddb5-4fa4-a97d-d965ccfc6d4b" outcome="Passed" testListId="8c84fa94-04c1-424b-9868-57a2d4851a1d" relativeResultsDirectory="b2922ed4-4656-465c-b0f4-4132a06ce2f2" />
    <UnitTestResult executionId="9fcb694f-0bd6-4bc1-a5f0-49888a4b0f7b" testId="7d549cff-d164-bec2-9a6a-47eb977c626e" testName="WithAppendedDetail_Agrega_Linea_Nueva_Respetando_MaxDetalle" computerName="DESKTOP-GBNCN2L" duration="00:00:00.0003060" startTime="2025-08-15T17:47:18.9897476-05:00" endTime="2025-08-15T17:47:18.9900534-05:00" testType="13cdc9d9-ddb5-4fa4-a97d-d965ccfc6d4b" outcome="Passed" testListId="8c84fa94-04c1-424b-9868-57a2d4851a1d" relativeResultsDirectory="9fcb694f-0bd6-4bc1-a5f0-49888a4b0f7b" />
    <UnitTestResult executionId="32d5127b-f59a-436f-8007-6ecc2230f404" testId="9e5dd046-899b-b8dc-04d7-e53566dde40b" testName="Create_RecortaCamposYValidaUbigeoYLinea" computerName="DESKTOP-GBNCN2L" duration="00:00:00.0003460" startTime="2025-08-15T17:47:19.0147794-05:00" endTime="2025-08-15T17:47:19.0151258-05:00" testType="13cdc9d9-ddb5-4fa4-a97d-d965ccfc6d4b" outcome="Passed" testListId="8c84fa94-04c1-424b-9868-57a2d4851a1d" relativeResultsDirectory="32d5127b-f59a-436f-8007-6ecc2230f404" />
    <UnitTestResult executionId="c9325ca7-890f-4287-8bfc-f471e79e4ba5" testId="5164451c-0635-fa9c-a231-e00326c4ae93" testName="CalcularMontos_UnitPriceNegativo_Lanza" computerName="DESKTOP-GBNCN2L" duration="00:00:00.0001830" startTime="2025-08-15T17:47:19.0417997-05:00" endTime="2025-08-15T17:47:19.0419825-05:00" testType="13cdc9d9-ddb5-4fa4-a97d-d965ccfc6d4b" outcome="Passed" testListId="8c84fa94-04c1-424b-9868-57a2d4851a1d" relativeResultsDirectory="c9325ca7-890f-4287-8bfc-f471e79e4ba5" />
    <UnitTestResult executionId="e51a3bbb-129e-4e1e-bda1-0b07ad561f71" testId="60b1692d-d8b2-1f1d-1dc1-787dfdbd00b5" testName="Create_TrimsAroundHyphen_AndPadsNumeric" computerName="DESKTOP-GBNCN2L" duration="00:00:00.0000420" startTime="2025-08-15T17:47:19.0771877-05:00" endTime="2025-08-15T17:47:19.0772293-05:00" testType="13cdc9d9-ddb5-4fa4-a97d-d965ccfc6d4b" outcome="Passed" testListId="8c84fa94-04c1-424b-9868-57a2d4851a1d" relativeResultsDirectory="e51a3bbb-129e-4e1e-bda1-0b07ad561f71" />
    <UnitTestResult executionId="3d27c0d1-71a9-42c9-a924-93a32f97894f" testId="f7347dd2-9832-c9b6-43e4-e3cba1fa5bf7" testName="FromPorcentaje_RechazaFueraDeRango" computerName="DESKTOP-GBNCN2L" duration="00:00:00.0005990" startTime="2025-08-15T17:47:18.9949552-05:00" endTime="2025-08-15T17:47:18.9955539-05:00" testType="13cdc9d9-ddb5-4fa4-a97d-d965ccfc6d4b" outcome="Passed" testListId="8c84fa94-04c1-424b-9868-57a2d4851a1d" relativeResultsDirectory="3d27c0d1-71a9-42c9-a924-93a32f97894f" />
    <UnitTestResult executionId="17975634-0eec-4312-b951-2396f88a006d" testId="304b76bd-aba1-35c2-8632-28fbe4e8b079" testName="FromOptional_NullOrEmpty_ReturnsNull(null)" computerName="DESKTOP-GBNCN2L" duration="00:00:00.0002000" startTime="2025-08-15T17:47:19.0783791-05:00" endTime="2025-08-15T17:47:19.0785788-05:00" testType="13cdc9d9-ddb5-4fa4-a97d-d965ccfc6d4b" outcome="Passed" testListId="8c84fa94-04c1-424b-9868-57a2d4851a1d" relativeResultsDirectory="17975634-0eec-4312-b951-2396f88a006d" />
    <UnitTestResult executionId="0dcd69f2-21e2-4d9c-ae8f-0082a0aae90b" testId="ff3c7ac6-fbfb-134d-a482-3810c4a0f2e8" testName="Create_ValorValido_RegresaCantidad(2.5d)" computerName="DESKTOP-GBNCN2L" duration="00:00:00.0001380" startTime="2025-08-15T17:47:18.9658728-05:00" endTime="2025-08-15T17:47:18.9660109-05:00" testType="13cdc9d9-ddb5-4fa4-a97d-d965ccfc6d4b" outcome="Passed" testListId="8c84fa94-04c1-424b-9868-57a2d4851a1d" relativeResultsDirectory="0dcd69f2-21e2-4d9c-ae8f-0082a0aae90b" />
    <UnitTestResult executionId="39c5f19f-8e98-4f16-b09d-365defa0f214" testId="339dcf94-6729-b818-083f-985c34a5b9f9" testName="ToUblDescriptions_Solo_Nombre_Si_No_Hay_Detalle" computerName="DESKTOP-GBNCN2L" duration="00:00:00.0001280" startTime="2025-08-15T17:47:18.9896137-05:00" endTime="2025-08-15T17:47:18.9897418-05:00" testType="13cdc9d9-ddb5-4fa4-a97d-d965ccfc6d4b" outcome="Passed" testListId="8c84fa94-04c1-424b-9868-57a2d4851a1d" relativeResultsDirectory="39c5f19f-8e98-4f16-b09d-365defa0f214" />
    <UnitTestResult executionId="92ee31d1-c4a3-4484-be8a-d22e05cca998" testId="cff38c86-abc9-1a4a-1cd9-b375521035ce" testName="Json_Roundtrip_PreservesCanonicalValue" computerName="DESKTOP-GBNCN2L" duration="00:00:00.0216150" startTime="2025-08-15T17:47:19.0519126-05:00" endTime="2025-08-15T17:47:19.0735279-05:00" testType="13cdc9d9-ddb5-4fa4-a97d-d965ccfc6d4b" outcome="Passed" testListId="8c84fa94-04c1-424b-9868-57a2d4851a1d" relativeResultsDirectory="92ee31d1-c4a3-4484-be8a-d22e05cca998" />
    <UnitTestResult executionId="9a2a78e7-0670-418b-80b6-5db9e49e82d2" testId="2f40abac-c9f3-1d55-627e-79d23820d3bc" testName="ToUblDescriptions_Primera_Elemento_Nombre_Resto_Lineas_Detalle" computerName="DESKTOP-GBNCN2L" duration="00:00:00.0005160" startTime="2025-08-15T17:47:18.9890764-05:00" endTime="2025-08-15T17:47:18.9895919-05:00" testType="13cdc9d9-ddb5-4fa4-a97d-d965ccfc6d4b" outcome="Passed" testListId="8c84fa94-04c1-424b-9868-57a2d4851a1d" relativeResultsDirectory="9a2a78e7-0670-418b-80b6-5db9e49e82d2" />
    <UnitTestResult executionId="86cf252d-da34-47d4-9d20-a6d4361df83b" testId="3e495d68-d557-a6ad-6b14-af6d0acf0237" testName="FromPorcentaje_FueraDeRango_Lanza" computerName="DESKTOP-GBNCN2L" duration="00:00:00.0002070" startTime="2025-08-15T17:47:19.0024339-05:00" endTime="2025-08-15T17:47:19.0026409-05:00" testType="13cdc9d9-ddb5-4fa4-a97d-d965ccfc6d4b" outcome="Passed" testListId="8c84fa94-04c1-424b-9868-57a2d4851a1d" relativeResultsDirectory="86cf252d-da34-47d4-9d20-a6d4361df83b" />
    <UnitTestResult executionId="25ffbaca-72a1-4827-ae41-35185638f3bd" testId="87835ada-5235-f5fe-36f7-f5e0e824e9ba" testName="Exonerado_Inafecto_Exportacion_MapeanCorrecto_Y_SinPercent" computerName="DESKTOP-GBNCN2L" duration="00:00:00.0007580" startTime="2025-08-15T17:47:19.0427919-05:00" endTime="2025-08-15T17:47:19.0435500-05:00" testType="13cdc9d9-ddb5-4fa4-a97d-d965ccfc6d4b" outcome="Passed" testListId="8c84fa94-04c1-424b-9868-57a2d4851a1d" relativeResultsDirectory="25ffbaca-72a1-4827-ae41-35185638f3bd" />
    <UnitTestResult executionId="3d6f54fc-e365-4026-addc-375eb7a4957f" testId="4acf74e8-486b-4aa0-4fad-0a80853f077f" testName="Contado_DeberiaUsarCodigo10_YMetodoCONTADO" computerName="DESKTOP-GBNCN2L" duration="00:00:00.0003270" startTime="2025-08-15T17:47:19.0380459-05:00" endTime="2025-08-15T17:47:19.0383725-05:00" testType="13cdc9d9-ddb5-4fa4-a97d-d965ccfc6d4b" outcome="Passed" testListId="8c84fa94-04c1-424b-9868-57a2d4851a1d" relativeResultsDirectory="3d6f54fc-e365-4026-addc-375eb7a4957f" />
    <UnitTestResult executionId="1bcfa9f5-ed22-48bc-a580-ef9fef32360b" testId="912164b5-da0d-2cbb-3596-705587b12f2d" testName="Multiplicar_AplicaRedondeoSegunMoneda" computerName="DESKTOP-GBNCN2L" duration="00:00:00.0003040" startTime="2025-08-15T17:47:19.1252705-05:00" endTime="2025-08-15T17:47:19.1255746-05:00" testType="13cdc9d9-ddb5-4fa4-a97d-d965ccfc6d4b" outcome="Passed" testListId="8c84fa94-04c1-424b-9868-57a2d4851a1d" relativeResultsDirectory="1bcfa9f5-ed22-48bc-a580-ef9fef32360b" />
    <UnitTestResult executionId="30fb1dd0-559d-4e5b-bdc9-1dcabd1b6c57" testId="59d156cf-af81-1ca0-1fda-d11ab9920720" testName="Create_Valido_NormalizaRucYNombres_YAsignaDireccion" computerName="DESKTOP-GBNCN2L" duration="00:00:00.0010540" startTime="2025-08-15T17:47:19.0220078-05:00" endTime="2025-08-15T17:47:19.0230615-05:00" testType="13cdc9d9-ddb5-4fa4-a97d-d965ccfc6d4b" outcome="Passed" testListId="8c84fa94-04c1-424b-9868-57a2d4851a1d" relativeResultsDirectory="30fb1dd0-559d-4e5b-bdc9-1dcabd1b6c57" />
    <UnitTestResult executionId="38a4d242-1da6-4ce8-8a91-7ad0cf828863" testId="0d98be4d-fe4e-871e-6fd4-212dd84670dc" testName="Zero_EsCeroYEnMonedaCorrecta" computerName="DESKTOP-GBNCN2L" duration="00:00:00.0001590" startTime="2025-08-15T17:47:19.1310593-05:00" endTime="2025-08-15T17:47:19.1312186-05:00" testType="13cdc9d9-ddb5-4fa4-a97d-d965ccfc6d4b" outcome="Passed" testListId="8c84fa94-04c1-424b-9868-57a2d4851a1d" relativeResultsDirectory="38a4d242-1da6-4ce8-8a91-7ad0cf828863" />
    <UnitTestResult executionId="a1076f6f-0d36-4fea-8984-b7848fc1efc4" testId="a4a3298a-8dee-d42e-3700-296a5ea26c92" testName="Equality_DifferentValues_NotEqual" computerName="DESKTOP-GBNCN2L" duration="00:00:00.0004550" startTime="2025-08-15T17:47:19.0772319-05:00" endTime="2025-08-15T17:47:19.0776870-05:00" testType="13cdc9d9-ddb5-4fa4-a97d-d965ccfc6d4b" outcome="Passed" testListId="8c84fa94-04c1-424b-9868-57a2d4851a1d" relativeResultsDirectory="a1076f6f-0d36-4fea-8984-b7848fc1efc4" />
    <UnitTestResult executionId="21a95819-6243-4f11-bf63-5cae94451206" testId="197f205e-4e0c-cfca-130f-f7e84cdb191b" testName="Emitir_Aceptar_FlujoFeliz_CambiaEstadosYFechas" computerName="DESKTOP-GBNCN2L" duration="00:00:00.0019320" startTime="2025-08-15T17:47:18.9199526-05:00" endTime="2025-08-15T17:47:18.9218849-05:00" testType="13cdc9d9-ddb5-4fa4-a97d-d965ccfc6d4b" outcome="Passed" testListId="8c84fa94-04c1-424b-9868-57a2d4851a1d" relativeResultsDirectory="21a95819-6243-4f11-bf63-5cae94451206" />
    <UnitTestResult executionId="88a8f1d7-dbaa-4bc5-a5e2-cee6a3d31106" testId="0ce12d4d-9697-5fe0-ad56-ddd18a3f038c" testName="Create_NombreVacioOLlenoDeEspacios_Lanza" computerName="DESKTOP-GBNCN2L" duration="00:00:00.0003820" startTime="2025-08-15T17:47:18.9745342-05:00" endTime="2025-08-15T17:47:18.9749156-05:00" testType="13cdc9d9-ddb5-4fa4-a97d-d965ccfc6d4b" outcome="Passed" testListId="8c84fa94-04c1-424b-9868-57a2d4851a1d" relativeResultsDirectory="88a8f1d7-dbaa-4bc5-a5e2-cee6a3d31106" />
    <UnitTestResult executionId="6ce46142-fbf3-4c6d-a031-d6478be8e750" testId="8879dd04-1d76-8f6a-3267-b8f785827ec2" testName="Create_ValorValido_RegresaCantidad(1)" computerName="DESKTOP-GBNCN2L" duration="00:00:00.0001060" startTime="2025-08-15T17:47:18.9657626-05:00" endTime="2025-08-15T17:47:18.9658681-05:00" testType="13cdc9d9-ddb5-4fa4-a97d-d965ccfc6d4b" outcome="Passed" testListId="8c84fa94-04c1-424b-9868-57a2d4851a1d" relativeResultsDirectory="6ce46142-fbf3-4c6d-a031-d6478be8e750" />
    <UnitTestResult executionId="b1ed80d2-1854-4919-9996-4b2e1cd1fbf3" testId="57084394-01ea-b517-0f19-35b9d943de8c" testName="Create_Ok_TrimsCampos_YUsaFechaInyectada" computerName="DESKTOP-GBNCN2L" duration="00:00:00.0005990" startTime="2025-08-15T17:47:19.0458560-05:00" endTime="2025-08-15T17:47:19.0464554-05:00" testType="13cdc9d9-ddb5-4fa4-a97d-d965ccfc6d4b" outcome="Passed" testListId="8c84fa94-04c1-424b-9868-57a2d4851a1d" relativeResultsDirectory="b1ed80d2-1854-4919-9996-4b2e1cd1fbf3" />
    <UnitTestResult executionId="600dc9e2-d8b0-4771-9b46-5ed16aa963aa" testId="c0746cea-0592-3009-3045-fe2f81fa9ef6" testName="CrearBorrador_Contado_VencimientoIgualAEmision" computerName="DESKTOP-GBNCN2L" duration="00:00:00.0030560" startTime="2025-08-15T17:47:18.9161977-05:00" endTime="2025-08-15T17:47:18.9192532-05:00" testType="13cdc9d9-ddb5-4fa4-a97d-d965ccfc6d4b" outcome="Passed" testListId="8c84fa94-04c1-424b-9868-57a2d4851a1d" relativeResultsDirectory="600dc9e2-d8b0-4771-9b46-5ed16aa963aa" />
    <UnitTestResult executionId="796d4422-a0e4-40b0-9878-fb597a0c2747" testId="803343b9-5497-524b-710f-66304c67d4cc" testName="AsignarSerieYNumero_CompatibleConBoleta_Ok" computerName="DESKTOP-GBNCN2L" duration="00:00:00.0039439" startTime="2025-08-15T17:47:18.9001503-05:00" endTime="2025-08-15T17:47:18.9040944-05:00" testType="13cdc9d9-ddb5-4fa4-a97d-d965ccfc6d4b" outcome="Passed" testListId="8c84fa94-04c1-424b-9868-57a2d4851a1d" relativeResultsDirectory="796d4422-a0e4-40b0-9878-fb597a0c2747" />
    <UnitTestResult executionId="1a6908fc-1872-45c7-8883-7f528ba6eef1" testId="ffaf9a76-ece1-7829-c656-fab66649ed02" testName="CalcularMontoDescuento_Monto_NoExcedeSubtotal" computerName="DESKTOP-GBNCN2L" duration="00:00:00.0002440" startTime="2025-08-15T17:47:18.9907997-05:00" endTime="2025-08-15T17:47:18.9910434-05:00" testType="13cdc9d9-ddb5-4fa4-a97d-d965ccfc6d4b" outcome="Passed" testListId="8c84fa94-04c1-424b-9868-57a2d4851a1d" relativeResultsDirectory="1a6908fc-1872-45c7-8883-7f528ba6eef1" />
    <UnitTestResult executionId="f39c992b-9605-46ec-9506-b7beae0b85c5" testId="aaf48aa1-2ff9-8225-3c3d-e6dc51fb6d8f" testName="ToString_UsaCulturaInvariante" computerName="DESKTOP-GBNCN2L" duration="00:00:00.0003110" startTime="2025-08-15T17:47:18.9685619-05:00" endTime="2025-08-15T17:47:18.9688727-05:00" testType="13cdc9d9-ddb5-4fa4-a97d-d965ccfc6d4b" outcome="Passed" testListId="8c84fa94-04c1-424b-9868-57a2d4851a1d" relativeResultsDirectory="f39c992b-9605-46ec-9506-b7beae0b85c5" />
    <UnitTestResult executionId="b1840646-41fc-41fd-af89-648d5f00ee36" testId="3ca90b6d-fa10-340f-b86a-d9a7e87ab145" testName="ToPdfMultiLine_Primera_Linea_Nombre_Luego_Detalle" computerName="DESKTOP-GBNCN2L" duration="00:00:00.0002270" startTime="2025-08-15T17:47:18.9824234-05:00" endTime="2025-08-15T17:47:18.9826501-05:00" testType="13cdc9d9-ddb5-4fa4-a97d-d965ccfc6d4b" outcome="Passed" testListId="8c84fa94-04c1-424b-9868-57a2d4851a1d" relativeResultsDirectory="b1840646-41fc-41fd-af89-648d5f00ee36" />
    <UnitTestResult executionId="2869d847-fa39-48dd-b102-9c267f162411" testId="ce622fa2-0eac-f00b-6149-ef4a626d7c94" testName="TryCreate_Invalido_NoLanzaYDevuelveFalse" computerName="DESKTOP-GBNCN2L" duration="00:00:00.0003760" startTime="2025-08-15T17:47:19.0962054-05:00" endTime="2025-08-15T17:47:19.0965816-05:00" testType="13cdc9d9-ddb5-4fa4-a97d-d965ccfc6d4b" outcome="Passed" testListId="8c84fa94-04c1-424b-9868-57a2d4851a1d" relativeResultsDirectory="2869d847-fa39-48dd-b102-9c267f162411" />
    <UnitTestResult executionId="2d910ebc-0259-4b9e-b49b-0075e1213e48" testId="8f7efb15-53d7-277d-3b05-7d523f1e8dc4" testName="InferirDesdeSerie_Comportamiento(&quot;t001&quot;,null)" computerName="DESKTOP-GBNCN2L" duration="00:00:00.0000050" startTime="2025-08-15T17:47:19.0910617-05:00" endTime="2025-08-15T17:47:19.0910663-05:00" testType="13cdc9d9-ddb5-4fa4-a97d-d965ccfc6d4b" outcome="Passed" testListId="8c84fa94-04c1-424b-9868-57a2d4851a1d" relativeResultsDirectory="2d910ebc-0259-4b9e-b49b-0075e1213e48" />
    <UnitTestResult executionId="e8fb1050-b2ea-47b2-94f4-3eba2ee5207e" testId="5c980cfe-30bd-4fcd-2d82-27072c0e0742" testName="Create_Lanza_SiTextoNullOVacio" computerName="DESKTOP-GBNCN2L" duration="00:00:00.0004990" startTime="2025-08-15T17:47:19.0453114-05:00" endTime="2025-08-15T17:47:19.0458100-05:00" testType="13cdc9d9-ddb5-4fa4-a97d-d965ccfc6d4b" outcome="Passed" testListId="8c84fa94-04c1-424b-9868-57a2d4851a1d" relativeResultsDirectory="e8fb1050-b2ea-47b2-94f4-3eba2ee5207e" />
    <UnitTestResult executionId="c1d8e0cf-e299-4c6f-8140-7d9e61a2fc73" testId="b7921dae-c130-f7ac-520c-59f699d70ad6" testName="ToString_RetornaLinea" computerName="DESKTOP-GBNCN2L" duration="00:00:00.0001550" startTime="2025-08-15T17:47:19.0176922-05:00" endTime="2025-08-15T17:47:19.0178475-05:00" testType="13cdc9d9-ddb5-4fa4-a97d-d965ccfc6d4b" outcome="Passed" testListId="8c84fa94-04c1-424b-9868-57a2d4851a1d" relativeResultsDirectory="c1d8e0cf-e299-4c6f-8140-7d9e61a2fc73" />
    <UnitTestResult executionId="253fff4c-1537-4af1-9b5b-d42c2b2a1ac6" testId="900205f9-ce4e-f0ec-f1c7-8b44c109715c" testName="Create_PorNombre_OK(&quot;boleta&quot;,&quot;03&quot;)" computerName="DESKTOP-GBNCN2L" duration="00:00:00.0000030" startTime="2025-08-15T17:47:19.0903740-05:00" endTime="2025-08-15T17:47:19.0903767-05:00" testType="13cdc9d9-ddb5-4fa4-a97d-d965ccfc6d4b" outcome="Passed" testListId="8c84fa94-04c1-424b-9868-57a2d4851a1d" relativeResultsDirectory="253fff4c-1537-4af1-9b5b-d42c2b2a1ac6" />
    <UnitTestResult executionId="4d98d3ec-e927-44ba-ac5e-0a00b28ce366" testId="c8a2c46f-db42-f2fb-a530-6457221a0637" testName="ValidarCompatibilidadConSerie_PrefijoIncompatible_LanzaInvalidOperation" computerName="DESKTOP-GBNCN2L" duration="00:00:00.0001750" startTime="2025-08-15T17:47:19.0922786-05:00" endTime="2025-08-15T17:47:19.0924538-05:00" testType="13cdc9d9-ddb5-4fa4-a97d-d965ccfc6d4b" outcome="Passed" testListId="8c84fa94-04c1-424b-9868-57a2d4851a1d" relativeResultsDirectory="4d98d3ec-e927-44ba-ac5e-0a00b28ce366" />
    <UnitTestResult executionId="b7fd527c-1ee3-4db8-9640-1c487e9d0ff9" testId="17f1302d-b813-38bd-0d64-c35af812967a" testName="FromCatalogName_Equivale_A_Create" computerName="DESKTOP-GBNCN2L" duration="00:00:00.0001480" startTime="2025-08-15T17:47:18.9821185-05:00" endTime="2025-08-15T17:47:18.9822665-05:00" testType="13cdc9d9-ddb5-4fa4-a97d-d965ccfc6d4b" outcome="Passed" testListId="8c84fa94-04c1-424b-9868-57a2d4851a1d" relativeResultsDirectory="b7fd527c-1ee3-4db8-9640-1c487e9d0ff9" />
    <UnitTestResult executionId="5dc277b5-40fc-4d21-96db-8e82177f7d72" testId="65fc6178-8d77-3bc9-88b1-b8ef58d3af0c" testName="Create_Falla_SiNombreExcede100" computerName="DESKTOP-GBNCN2L" duration="00:00:00.0001770" startTime="2025-08-15T17:47:18.9722318-05:00" endTime="2025-08-15T17:47:18.9724089-05:00" testType="13cdc9d9-ddb5-4fa4-a97d-d965ccfc6d4b" outcome="Passed" testListId="8c84fa94-04c1-424b-9868-57a2d4851a1d" relativeResultsDirectory="5dc277b5-40fc-4d21-96db-8e82177f7d72" />
    <UnitTestResult executionId="22283436-491c-4fab-a91a-3a47df3a0532" testId="dcbb4ff2-c69b-dd0e-4cbf-048dab949b5b" testName="Create_SerieCorrelativo_PadsCorrelativoTo8" computerName="DESKTOP-GBNCN2L" duration="00:00:00.0000440" startTime="2025-08-15T17:47:19.0771398-05:00" endTime="2025-08-15T17:47:19.0771833-05:00" testType="13cdc9d9-ddb5-4fa4-a97d-d965ccfc6d4b" outcome="Passed" testListId="8c84fa94-04c1-424b-9868-57a2d4851a1d" relativeResultsDirectory="22283436-491c-4fab-a91a-3a47df3a0532" />
    <UnitTestResult executionId="9ffb3bc8-933d-4f84-b063-d2cd43ac90c5" testId="0a5c1ebb-2092-9904-a1c9-93450b91707b" testName="ToString_FormatoLegible" computerName="DESKTOP-GBNCN2L" duration="00:00:00.0002580" startTime="2025-08-15T17:47:19.0913062-05:00" endTime="2025-08-15T17:47:19.0915641-05:00" testType="13cdc9d9-ddb5-4fa4-a97d-d965ccfc6d4b" outcome="Passed" testListId="8c84fa94-04c1-424b-9868-57a2d4851a1d" relativeResultsDirectory="9ffb3bc8-933d-4f84-b063-d2cd43ac90c5" />
    <UnitTestResult executionId="8301a090-31ea-48ce-b06e-346f368b25e6" testId="e003d252-3491-5887-13ca-cd3c40e35cce" testName="Create_Falla_SiCodigoVacioOWhitespace" computerName="DESKTOP-GBNCN2L" duration="00:00:00.0002300" startTime="2025-08-15T17:47:18.9719958-05:00" endTime="2025-08-15T17:47:18.9722261-05:00" testType="13cdc9d9-ddb5-4fa4-a97d-d965ccfc6d4b" outcome="Passed" testListId="8c84fa94-04c1-424b-9868-57a2d4851a1d" relativeResultsDirectory="8301a090-31ea-48ce-b06e-346f368b25e6" />
    <UnitTestResult executionId="c79bd1b2-b224-4df7-bdaf-93e9e562efe9" testId="0f9d5d7b-4a90-70dd-f79e-1495b65838a7" testName="Emitir_SinLineas_DebeFallar" computerName="DESKTOP-GBNCN2L" duration="00:00:00.0005850" startTime="2025-08-15T17:47:18.9583140-05:00" endTime="2025-08-15T17:47:18.9588984-05:00" testType="13cdc9d9-ddb5-4fa4-a97d-d965ccfc6d4b" outcome="Passed" testListId="8c84fa94-04c1-424b-9868-57a2d4851a1d" relativeResultsDirectory="c79bd1b2-b224-4df7-bdaf-93e9e562efe9" />
    <UnitTestResult executionId="2efdd203-f918-4f40-92f8-a7bfb5bcad87" testId="135fa150-0bb0-f204-acdd-33675bb93031" testName="MaxDiasRetroactivos_ValoresEsperados" computerName="DESKTOP-GBNCN2L" duration="00:00:00.0001260" startTime="2025-08-15T17:47:19.0910837-05:00" endTime="2025-08-15T17:47:19.0912099-05:00" testType="13cdc9d9-ddb5-4fa4-a97d-d965ccfc6d4b" outcome="Passed" testListId="8c84fa94-04c1-424b-9868-57a2d4851a1d" relativeResultsDirectory="2efdd203-f918-4f40-92f8-a7bfb5bcad87" />
    <UnitTestResult executionId="0c3c94c3-dc58-4244-bcc4-bfa17770170e" testId="9615799c-8742-3e7d-4c7d-9132f8e2b079" testName="Create_DocumentoNull_Lanza" computerName="DESKTOP-GBNCN2L" duration="00:00:00.0005100" startTime="2025-08-15T17:47:18.9740142-05:00" endTime="2025-08-15T17:47:18.9745237-05:00" testType="13cdc9d9-ddb5-4fa4-a97d-d965ccfc6d4b" outcome="Passed" testListId="8c84fa94-04c1-424b-9868-57a2d4851a1d" relativeResultsDirectory="0c3c94c3-dc58-4244-bcc4-bfa17770170e" />
    <UnitTestResult executionId="52cf9ce8-5f90-458a-9db3-4566db5d7e5e" testId="76765543-91ce-d240-e609-7804deb20f40" testName="Create_RucConLongitudInvalida_Lanza" computerName="DESKTOP-GBNCN2L" duration="00:00:00.0004780" startTime="2025-08-15T17:47:19.0213075-05:00" endTime="2025-08-15T17:47:19.0217858-05:00" testType="13cdc9d9-ddb5-4fa4-a97d-d965ccfc6d4b" outcome="Passed" testListId="8c84fa94-04c1-424b-9868-57a2d4851a1d" relativeResultsDirectory="52cf9ce8-5f90-458a-9db3-4566db5d7e5e" />
    <UnitTestResult executionId="6f620691-955b-4504-bba1-23768a8298e0" testId="c9044fcd-dd1c-6958-f856-4a9974478e99" testName="CreateLibre_PermiteNegativos_YRedondea" computerName="DESKTOP-GBNCN2L" duration="00:00:00.0001499" startTime="2025-08-15T17:47:19.0984969-05:00" endTime="2025-08-15T17:47:19.0986464-05:00" testType="13cdc9d9-ddb5-4fa4-a97d-d965ccfc6d4b" outcome="Passed" testListId="8c84fa94-04c1-424b-9868-57a2d4851a1d" relativeResultsDirectory="6f620691-955b-4504-bba1-23768a8298e0" />
    <UnitTestResult executionId="414ff786-6287-4783-8d40-eecdc356e42f" testId="e143e0d5-93ab-526f-66a5-6f99dad7136c" testName="ToString_FormateaCorrecto" computerName="DESKTOP-GBNCN2L" duration="00:00:00.0010970" startTime="2025-08-15T17:47:18.9975886-05:00" endTime="2025-08-15T17:47:18.9986857-05:00" testType="13cdc9d9-ddb5-4fa4-a97d-d965ccfc6d4b" outcome="Passed" testListId="8c84fa94-04c1-424b-9868-57a2d4851a1d" relativeResultsDirectory="414ff786-6287-4783-8d40-eecdc356e42f" />
    <UnitTestResult executionId="41af5491-444b-4df7-8502-74bd958bf5a4" testId="67eb2188-a04d-2d1a-1fb0-80609f201e4e" testName="Create_Negativo_Lanza" computerName="DESKTOP-GBNCN2L" duration="00:00:00.0003660" startTime="2025-08-15T17:47:19.0979422-05:00" endTime="2025-08-15T17:47:19.0983084-05:00" testType="13cdc9d9-ddb5-4fa4-a97d-d965ccfc6d4b" outcome="Passed" testListId="8c84fa94-04c1-424b-9868-57a2d4851a1d" relativeResultsDirectory="41af5491-444b-4df7-8502-74bd958bf5a4" />
    <UnitTestResult executionId="f860c65b-8afc-480a-8f5c-cb9ac63be4c1" testId="ff025cde-e838-a774-46d8-6d41e6bd5170" testName="Create_Invalid_Throws" computerName="DESKTOP-GBNCN2L" duration="00:00:00.0002680" startTime="2025-08-15T17:47:19.0504593-05:00" endTime="2025-08-15T17:47:19.0507277-05:00" testType="13cdc9d9-ddb5-4fa4-a97d-d965ccfc6d4b" outcome="Passed" testListId="8c84fa94-04c1-424b-9868-57a2d4851a1d" relativeResultsDirectory="f860c65b-8afc-480a-8f5c-cb9ac63be4c1" />
    <UnitTestResult executionId="d2ceedd3-e691-479d-80d2-41f38fbc7f08" testId="13da5af2-f403-9243-5d62-473ac5c181cb" testName="TryCreate_Valido_TrueYAsignaInstancia" computerName="DESKTOP-GBNCN2L" duration="00:00:00.0000900" startTime="2025-08-15T17:47:19.0917461-05:00" endTime="2025-08-15T17:47:19.0918357-05:00" testType="13cdc9d9-ddb5-4fa4-a97d-d965ccfc6d4b" outcome="Passed" testListId="8c84fa94-04c1-424b-9868-57a2d4851a1d" relativeResultsDirectory="d2ceedd3-e691-479d-80d2-41f38fbc7f08" />
    <UnitTestResult executionId="b34df6fc-d5f9-4617-9368-625beaa7d2fb" testId="9857967a-1a89-5728-01e2-b879ce9379a4" testName="MarcarAceptado_DesdeBorrador_Lanza" computerName="DESKTOP-GBNCN2L" duration="00:00:00.0002400" startTime="2025-08-15T17:47:18.9240082-05:00" endTime="2025-08-15T17:47:18.9242479-05:00" testType="13cdc9d9-ddb5-4fa4-a97d-d965ccfc6d4b" outcome="Passed" testListId="8c84fa94-04c1-424b-9868-57a2d4851a1d" relativeResultsDirectory="b34df6fc-d5f9-4617-9368-625beaa7d2fb" />
    <UnitTestResult executionId="92f6a6b2-2016-4f0d-bdea-b1e93d251f80" testId="93aecec5-2993-cc6e-4597-9a0860b84902" testName="Restar_MismaMoneda_Ok" computerName="DESKTOP-GBNCN2L" duration="00:00:00.0003730" startTime="2025-08-15T17:47:19.1263024-05:00" endTime="2025-08-15T17:47:19.1266751-05:00" testType="13cdc9d9-ddb5-4fa4-a97d-d965ccfc6d4b" outcome="Passed" testListId="8c84fa94-04c1-424b-9868-57a2d4851a1d" relativeResultsDirectory="92f6a6b2-2016-4f0d-bdea-b1e93d251f80" />
    <UnitTestResult executionId="47dc3e74-1032-4295-a725-988343e8162b" testId="128ccd81-c5b8-e9ac-1060-c0fd74f94436" testName="Create_RucConDireccionYEmail_NormalizaNombre_YExponeUbl" computerName="DESKTOP-GBNCN2L" duration="00:00:00.0030200" startTime="2025-08-15T17:47:18.9760997-05:00" endTime="2025-08-15T17:47:18.9791192-05:00" testType="13cdc9d9-ddb5-4fa4-a97d-d965ccfc6d4b" outcome="Passed" testListId="8c84fa94-04c1-424b-9868-57a2d4851a1d" relativeResultsDirectory="47dc3e74-1032-4295-a725-988343e8162b" />
    <UnitTestResult executionId="1af2c38f-c017-4c1e-8eb6-e1fd63154e30" testId="12cc59e8-dea0-254b-fe85-4559dcd7396c" testName="Equality_MismoValor_EsIgual" computerName="DESKTOP-GBNCN2L" duration="00:00:00.0005180" startTime="2025-08-15T17:47:19.0949687-05:00" endTime="2025-08-15T17:47:19.0954867-05:00" testType="13cdc9d9-ddb5-4fa4-a97d-d965ccfc6d4b" outcome="Passed" testListId="8c84fa94-04c1-424b-9868-57a2d4851a1d" relativeResultsDirectory="1af2c38f-c017-4c1e-8eb6-e1fd63154e30" />
    <UnitTestResult executionId="4d800e6a-4dc3-4544-9511-ebd268ec53de" testId="ba613ce6-24ee-d552-d394-39feb1b53705" testName="TryFromNumeroDetectandoTipo_DevuelveTrueFalseSegunValidez" computerName="DESKTOP-GBNCN2L" duration="00:00:00.0002360" startTime="2025-08-15T17:47:19.0205865-05:00" endTime="2025-08-15T17:47:19.0208224-05:00" testType="13cdc9d9-ddb5-4fa4-a97d-d965ccfc6d4b" outcome="Passed" testListId="8c84fa94-04c1-424b-9868-57a2d4851a1d" relativeResultsDirectory="4d800e6a-4dc3-4544-9511-ebd268ec53de" />
    <UnitTestResult executionId="3bc8efc9-b47b-4b10-9da1-6597a607aca6" testId="530309a1-b6bf-eded-1845-1c386faf151b" testName="Equality_SameCanonicalValue_AreEqual" computerName="DESKTOP-GBNCN2L" duration="00:00:00.0003470" startTime="2025-08-15T17:47:19.0512532-05:00" endTime="2025-08-15T17:47:19.0515996-05:00" testType="13cdc9d9-ddb5-4fa4-a97d-d965ccfc6d4b" outcome="Passed" testListId="8c84fa94-04c1-424b-9868-57a2d4851a1d" relativeResultsDirectory="3bc8efc9-b47b-4b10-9da1-6597a607aca6" />
    <UnitTestResult executionId="4e9ea4b9-861b-4302-ba24-4c0ef2a6eedc" testId="8ae60dce-cdae-1aa4-e3b8-4b4d280ad8a8" testName="MonedaDeLinea_DistintaALaDelDocumento_Lanza" computerName="DESKTOP-GBNCN2L" duration="00:00:00.0004720" startTime="2025-08-15T17:47:18.9242647-05:00" endTime="2025-08-15T17:47:18.9247363-05:00" testType="13cdc9d9-ddb5-4fa4-a97d-d965ccfc6d4b" outcome="Passed" testListId="8c84fa94-04c1-424b-9868-57a2d4851a1d" relativeResultsDirectory="4e9ea4b9-861b-4302-ba24-4c0ef2a6eedc" />
    <UnitTestResult executionId="1e1f7eb1-b49e-41c4-bec5-d1f97d5d6d87" testId="aacabb7d-9c04-50b7-c172-494c99ee328f" testName="Equality_MismoContenido_EsIgual" computerName="DESKTOP-GBNCN2L" duration="00:00:00.0002980" startTime="2025-08-15T17:47:19.0151337-05:00" endTime="2025-08-15T17:47:19.0154312-05:00" testType="13cdc9d9-ddb5-4fa4-a97d-d965ccfc6d4b" outcome="Passed" testListId="8c84fa94-04c1-424b-9868-57a2d4851a1d" relativeResultsDirectory="1e1f7eb1-b49e-41c4-bec5-d1f97d5d6d87" />
    <UnitTestResult executionId="22d395ca-7872-4931-987f-c35140193918" testId="0ec49497-4048-cedf-3407-38b6470ad680" testName="FromOptional_NullOrEmpty_ReturnsNull(null)" computerName="DESKTOP-GBNCN2L" duration="00:00:00.0001190" startTime="2025-08-15T17:47:19.0516332-05:00" endTime="2025-08-15T17:47:19.0517524-05:00" testType="13cdc9d9-ddb5-4fa4-a97d-d965ccfc6d4b" outcome="Passed" testListId="8c84fa94-04c1-424b-9868-57a2d4851a1d" relativeResultsDirectory="22d395ca-7872-4931-987f-c35140193918" />
    <UnitTestResult executionId="4664c97e-ef78-4b3f-92e3-d3d6ae5e3d31" testId="080e49b4-3c0d-3b99-442c-ca6136e1c08c" testName="Equality_Dos_Instancias_Mismo_Contenido_Son_Iguales" computerName="DESKTOP-GBNCN2L" duration="00:00:00.0005460" startTime="2025-08-15T17:47:18.9815512-05:00" endTime="2025-08-15T17:47:18.9820971-05:00" testType="13cdc9d9-ddb5-4fa4-a97d-d965ccfc6d4b" outcome="Passed" testListId="8c84fa94-04c1-424b-9868-57a2d4851a1d" relativeResultsDirectory="4664c97e-ef78-4b3f-92e3-d3d6ae5e3d31" />
    <UnitTestResult executionId="de25e9ef-0bd8-4e27-aa0c-0d57fb49f999" testId="ccd2e114-0d4d-40d6-9913-b67795ca6a53" testName="CalcularMontos_QuantityCeroOLoMenor_Lanza" computerName="DESKTOP-GBNCN2L" duration="00:00:00.0002970" startTime="2025-08-15T17:47:19.0414879-05:00" endTime="2025-08-15T17:47:19.0417847-05:00" testType="13cdc9d9-ddb5-4fa4-a97d-d965ccfc6d4b" outcome="Passed" testListId="8c84fa94-04c1-424b-9868-57a2d4851a1d" relativeResultsDirectory="de25e9ef-0bd8-4e27-aa0c-0d57fb49f999" />
    <UnitTestResult executionId="25c57237-a5fc-4bc9-b435-88d56a49a84d" testId="76daa336-c43c-2c5d-a2a0-c6c28ed20de1" testName="CanBeUsedAsDictionaryKey_ByCanonicalValue" computerName="DESKTOP-GBNCN2L" duration="00:00:00.0034930" startTime="2025-08-15T17:47:19.0468056-05:00" endTime="2025-08-15T17:47:19.0502978-05:00" testType="13cdc9d9-ddb5-4fa4-a97d-d965ccfc6d4b" outcome="Passed" testListId="8c84fa94-04c1-424b-9868-57a2d4851a1d" relativeResultsDirectory="25c57237-a5fc-4bc9-b435-88d56a49a84d" />
    <UnitTestResult executionId="ca00650a-34f7-4b65-a38b-57a7dc151317" testId="a1e9ef4d-1e72-6c60-e2b1-7107f6e6cbef" testName="CambiarUnidad_AKGM_PermiteCantidadCon3Decimales" computerName="DESKTOP-GBNCN2L" duration="00:00:00.0006900" startTime="2025-08-15T17:47:18.9386597-05:00" endTime="2025-08-15T17:47:18.9393494-05:00" testType="13cdc9d9-ddb5-4fa4-a97d-d965ccfc6d4b" outcome="Passed" testListId="8c84fa94-04c1-424b-9868-57a2d4851a1d" relativeResultsDirectory="ca00650a-34f7-4b65-a38b-57a7dc151317" />
    <UnitTestResult executionId="dff53bdf-4b70-42e4-82ec-c00893d66fd0" testId="a177a4f2-4a05-64c8-bd18-eacb240e87f3" testName="Sumar_MonedaDistinta_Lanza" computerName="DESKTOP-GBNCN2L" duration="00:00:00.0011370" startTime="2025-08-15T17:47:19.1269782-05:00" endTime="2025-08-15T17:47:19.1281154-05:00" testType="13cdc9d9-ddb5-4fa4-a97d-d965ccfc6d4b" outcome="Passed" testListId="8c84fa94-04c1-424b-9868-57a2d4851a1d" relativeResultsDirectory="dff53bdf-4b70-42e4-82ec-c00893d66fd0" />
    <UnitTestResult executionId="00be7b59-6997-4ca1-adab-101a19e93e20" testId="617efcb5-2625-5585-0ae3-4cd7e82b3d81" testName="ParaFormaDePago_Credito_RequiereDiasCreditoYCalculaFecha" computerName="DESKTOP-GBNCN2L" duration="00:00:00.0021980" startTime="2025-08-15T17:47:19.0346304-05:00" endTime="2025-08-15T17:47:19.0368280-05:00" testType="13cdc9d9-ddb5-4fa4-a97d-d965ccfc6d4b" outcome="Passed" testListId="8c84fa94-04c1-424b-9868-57a2d4851a1d" relativeResultsDirectory="00be7b59-6997-4ca1-adab-101a19e93e20" />
    <UnitTestResult executionId="c98ac933-e91a-470a-afaf-1e34686e5501" testId="c005ed35-262a-59a7-a04e-b5a390645361" testName="None_NoAplicaDescuento" computerName="DESKTOP-GBNCN2L" duration="00:00:00.0005520" startTime="2025-08-15T17:47:19.0026551-05:00" endTime="2025-08-15T17:47:19.0032067-05:00" testType="13cdc9d9-ddb5-4fa4-a97d-d965ccfc6d4b" outcome="Passed" testListId="8c84fa94-04c1-424b-9868-57a2d4851a1d" relativeResultsDirectory="c98ac933-e91a-470a-afaf-1e34686e5501" />
    <UnitTestResult executionId="4888608d-fc11-432e-bb3e-79890b630189" testId="00247c0c-095c-a96b-dd31-6bc43fcc1d2a" testName="MinorUnits_RoundTrip_OK" computerName="DESKTOP-GBNCN2L" duration="00:00:00.0012950" startTime="2025-08-15T17:47:19.1239566-05:00" endTime="2025-08-15T17:47:19.1252513-05:00" testType="13cdc9d9-ddb5-4fa4-a97d-d965ccfc6d4b" outcome="Passed" testListId="8c84fa94-04c1-424b-9868-57a2d4851a1d" relativeResultsDirectory="4888608d-fc11-432e-bb3e-79890b630189" />
    <UnitTestResult executionId="d2c54c37-396e-4aca-a58e-08623c684da0" testId="5ab54bd3-0b2a-0530-1a8d-d47eae4b8201" testName="AgregarLinea_CalculaTotalesConDescuentoDeLinea" computerName="DESKTOP-GBNCN2L" duration="00:00:00.0349260" startTime="2025-08-15T17:47:18.8644806-05:00" endTime="2025-08-15T17:47:18.8993728-05:00" testType="13cdc9d9-ddb5-4fa4-a97d-d965ccfc6d4b" outcome="Passed" testListId="8c84fa94-04c1-424b-9868-57a2d4851a1d" relativeResultsDirectory="d2c54c37-396e-4aca-a58e-08623c684da0" />
    <UnitTestResult executionId="c1be769e-4cfb-48e3-a091-d838ff862e5f" testId="26b1f8e7-9d9a-ce9f-861d-57836884d669" testName="Aplicar_Porcentaje10_Gravado18_PrecioIncluyeIGV" computerName="DESKTOP-GBNCN2L" duration="00:00:00.0004780" startTime="2025-08-15T17:47:19.0004399-05:00" endTime="2025-08-15T17:47:19.0009182-05:00" testType="13cdc9d9-ddb5-4fa4-a97d-d965ccfc6d4b" outcome="Passed" testListId="8c84fa94-04c1-424b-9868-57a2d4851a1d" relativeResultsDirectory="c1be769e-4cfb-48e3-a091-d838ff862e5f" />
[...]
    <TestEntry testId="8e74ff34-91ff-bc76-d5f6-d078aad7f190" executionId="b2fd88ff-3605-4de7-ac4a-99ff0ccd9444" testListId="8c84fa94-04c1-424b-9868-57a2d4851a1d" />
    <TestEntry testId="bbab827e-757f-4bd5-4c8d-fe872253c376" executionId="093bdbe4-ae0f-4b84-98a3-b67f17d0979e" testListId="8c84fa94-04c1-424b-9868-57a2d4851a1d" />
    <TestEntry testId="7a2f675f-c397-46a7-9547-155085b16ee8" executionId="53a236bc-c051-4b9b-9cdb-7453979daffa" testListId="8c84fa94-04c1-424b-9868-57a2d4851a1d" />
    <TestEntry testId="bf801f97-8100-220d-be64-30d5685710da" executionId="be6ea7e5-38a2-4dd8-b856-a369c8c7610b" testListId="8c84fa94-04c1-424b-9868-57a2d4851a1d" />
    <TestEntry testId="74460e41-6a01-0d75-fe07-8e3d44426a9f" executionId="85e15834-9977-4ab1-8704-4ceeb1f1d825" testListId="8c84fa94-04c1-424b-9868-57a2d4851a1d" />
    <TestEntry testId="ca099c0c-652e-2d38-7b05-203202123d05" executionId="14f082e6-1f81-4a4b-83fe-f39310f3447b" testListId="8c84fa94-04c1-424b-9868-57a2d4851a1d" />
    <TestEntry testId="ff5739ee-b3ee-feb7-8f6a-8a8da0684904" executionId="3a8592ac-e9da-4857-8a6c-d8307ee6ba5d" testListId="8c84fa94-04c1-424b-9868-57a2d4851a1d" />
    <TestEntry testId="cf3ddefb-1b7a-6a76-312a-19af2db6d76c" executionId="a4f8398f-cf22-423c-b3a6-12005ab455d1" testListId="8c84fa94-04c1-424b-9868-57a2d4851a1d" />
    <TestEntry testId="63e27695-6db7-d29c-cc55-1ea743366089" executionId="e6e7715f-0be7-4ae4-ae08-06f466f44c47" testListId="8c84fa94-04c1-424b-9868-57a2d4851a1d" />
    <TestEntry testId="21a7cc49-06d4-da31-7c79-3f8fe312bc42" executionId="a9be3015-f9b8-4e23-9389-3fc21ea5795b" testListId="8c84fa94-04c1-424b-9868-57a2d4851a1d" />
    <TestEntry testId="e486473d-a1e3-7a5f-bda1-0c327d9a3b7d" executionId="bba4d08b-a7af-4da1-a307-6854806e93b6" testListId="8c84fa94-04c1-424b-9868-57a2d4851a1d" />
    <TestEntry testId="dd7bb226-620d-4e77-fc3d-190791285d60" executionId="37364e1e-8f44-4d74-adbc-c1beaf1af32c" testListId="8c84fa94-04c1-424b-9868-57a2d4851a1d" />
    <TestEntry testId="9822567b-c279-21dc-9552-4c18c0609566" executionId="8941635f-572a-4ec3-9c84-5c4e39953a27" testListId="8c84fa94-04c1-424b-9868-57a2d4851a1d" />
    <TestEntry testId="9e8b5097-0b03-8f4a-f175-ebb463b59d61" executionId="a3cbe13f-9bdf-47cf-921e-3a6f0e600f7c" testListId="8c84fa94-04c1-424b-9868-57a2d4851a1d" />
    <TestEntry testId="7f88b61f-3598-778c-cf98-43bdd706cddc" executionId="289a4dae-0469-4d89-aefd-251434f09f12" testListId="8c84fa94-04c1-424b-9868-57a2d4851a1d" />
    <TestEntry testId="f2de827f-41c4-5ee8-e773-056de2941bce" executionId="9a37949b-2fc4-44b9-9a98-85647ad23a23" testListId="8c84fa94-04c1-424b-9868-57a2d4851a1d" />
    <TestEntry testId="b4305fb4-cd9e-3be1-0ac0-b71348738d66" executionId="57560b55-eccc-4770-8810-a9236a93cb2d" testListId="8c84fa94-04c1-424b-9868-57a2d4851a1d" />
    <TestEntry testId="a02d41db-3379-9ad4-03ca-15e49db55471" executionId="290b34d3-e88f-4ebe-8b39-ba1d2eae8f06" testListId="8c84fa94-04c1-424b-9868-57a2d4851a1d" />
    <TestEntry testId="74747bc5-17ac-1d55-c74b-050b1c4d15b0" executionId="0f0da481-ec25-4243-9528-9506e1354535" testListId="8c84fa94-04c1-424b-9868-57a2d4851a1d" />
    <TestEntry testId="93fe2cd9-9a7d-eae5-06d4-400dfacaa7b0" executionId="2da186cc-17d4-4dbd-a412-6c1cdc055603" testListId="8c84fa94-04c1-424b-9868-57a2d4851a1d" />
    <TestEntry testId="10ae72f8-cb41-fc2b-ebbf-7b06e57faedb" executionId="32f3678a-9084-4f16-9a95-da5e6ef27e23" testListId="8c84fa94-04c1-424b-9868-57a2d4851a1d" />
    <TestEntry testId="60c7ecbf-30c5-640c-a672-5012748a432a" executionId="93bd5c12-324b-4032-b14a-b4c4f15e8382" testListId="8c84fa94-04c1-424b-9868-57a2d4851a1d" />
    <TestEntry testId="f5472289-7edf-b526-f812-a31f478fac13" executionId="2bb295a3-42a1-48ca-aded-7c4e6fb94d71" testListId="8c84fa94-04c1-424b-9868-57a2d4851a1d" />
    <TestEntry testId="817c3a33-3b84-e107-8675-beb8502906f6" executionId="a8a89fec-24e3-4277-b929-2c2355c60984" testListId="8c84fa94-04c1-424b-9868-57a2d4851a1d" />
    <TestEntry testId="a8b5b224-4c64-7714-16a4-0f619ff4954b" executionId="c9548897-f1ce-4aee-8813-995a2c2f8635" testListId="8c84fa94-04c1-424b-9868-57a2d4851a1d" />
    <TestEntry testId="99b77dc2-8371-8147-5c1b-902cc14bb001" executionId="0a6a60e9-d1ef-48d2-bf39-168e3831cebe" testListId="8c84fa94-04c1-424b-9868-57a2d4851a1d" />
    <TestEntry testId="4eb8cd43-764c-d8e6-e277-39dc304e6ae6" executionId="dcbaedad-b765-4019-943c-2103d38bfd5d" testListId="8c84fa94-04c1-424b-9868-57a2d4851a1d" />
    <TestEntry testId="12791ec4-4dd0-bd68-0f68-3bdf221209d5" executionId="78c9c572-ce8a-4fc0-b8c5-eda0549cf8e6" testListId="8c84fa94-04c1-424b-9868-57a2d4851a1d" />
    <TestEntry testId="3873013f-6728-1056-3943-c2eda3a75b8b" executionId="2ce4889b-ae5b-4c80-8e24-0a74a212406e" testListId="8c84fa94-04c1-424b-9868-57a2d4851a1d" />
    <TestEntry testId="18c71f79-45b2-d70b-6de3-4caa069dc33b" executionId="07c390e9-f873-463f-9a3f-fb0a44778090" testListId="8c84fa94-04c1-424b-9868-57a2d4851a1d" />
    <TestEntry testId="6d3ae64c-1f37-9aa0-85d2-95ecc5bafd36" executionId="5eea3657-cc4c-4a32-abf9-b3edcd4b3daa" testListId="8c84fa94-04c1-424b-9868-57a2d4851a1d" />
    <TestEntry testId="e6af042d-271c-70dd-2562-873166161f88" executionId="0e01c50f-be74-43c7-bcd9-5056c24aebe3" testListId="8c84fa94-04c1-424b-9868-57a2d4851a1d" />
    <TestEntry testId="53fecf9d-236a-70a4-91b3-7502c50fcfaa" executionId="2e0f83b4-ee10-47c7-95af-c248d1d145ce" testListId="8c84fa94-04c1-424b-9868-57a2d4851a1d" />
    <TestEntry testId="2a9c2b5c-e7be-6d0e-4af9-736f69559bb3" executionId="46480a4a-c017-44cf-860e-15f7556e55d0" testListId="8c84fa94-04c1-424b-9868-57a2d4851a1d" />
    <TestEntry testId="6621bea3-e91a-d3ff-963a-70ab89c2e3e5" executionId="c9246c70-e5a6-420a-bb34-51049e4f77cd" testListId="8c84fa94-04c1-424b-9868-57a2d4851a1d" />
    <TestEntry testId="24f2d4c7-3695-8130-0f80-fe646135af8e" executionId="08725f02-ef21-44be-a6ca-79ce5027bba0" testListId="8c84fa94-04c1-424b-9868-57a2d4851a1d" />
    <TestEntry testId="5d2e2d67-7781-a4be-c334-fbce7fff4e41" executionId="62cc0796-a0f0-41ec-878e-dfca6b5cb90a" testListId="8c84fa94-04c1-424b-9868-57a2d4851a1d" />
    <TestEntry testId="43c86483-a67c-1a6b-b6fe-5aa11c9b19de" executionId="266f00cf-5ff4-4abd-a105-eecda7259195" testListId="8c84fa94-04c1-424b-9868-57a2d4851a1d" />
    <TestEntry testId="c04d7e44-386b-071f-7ef9-1819b56eba66" executionId="ad1ae76e-b568-4c30-a8b3-ea2067e9a737" testListId="8c84fa94-04c1-424b-9868-57a2d4851a1d" />
    <TestEntry testId="18a0163a-00fe-5d85-12df-d22bb162f517" executionId="fdc2c751-17aa-419e-b295-abbb32ee3f28" testListId="8c84fa94-04c1-424b-9868-57a2d4851a1d" />
    <TestEntry testId="0a48be4f-1fc0-ec86-4bcc-80cbf1a4d022" executionId="ad44e4cd-cdd0-4089-b136-7c59ba0a6cd6" testListId="8c84fa94-04c1-424b-9868-57a2d4851a1d" />
    <TestEntry testId="f8364b28-b034-d21f-6943-cac4a49e06d2" executionId="0ba2dfc2-2b2a-4273-9d15-3240befa0faf" testListId="8c84fa94-04c1-424b-9868-57a2d4851a1d" />
    <TestEntry testId="b79fc7ec-356d-c8c5-103f-e65ceefd8bf9" executionId="b725c71b-ade6-4cb8-993c-111c737b6d60" testListId="8c84fa94-04c1-424b-9868-57a2d4851a1d" />
    <TestEntry testId="a526d835-4f1e-2d28-351e-5c520eb42cff" executionId="8950358a-dba9-4db0-8363-98037b99d9c1" testListId="8c84fa94-04c1-424b-9868-57a2d4851a1d" />
    <TestEntry testId="8784db10-70cf-959a-f41c-2db3af60da06" executionId="b0990223-efbc-4eaf-92f2-fa02eef01958" testListId="8c84fa94-04c1-424b-9868-57a2d4851a1d" />
    <TestEntry testId="aef4507c-b2dd-716a-1076-2669527ae668" executionId="52bd5c04-fa12-4e57-9645-442971ec5099" testListId="8c84fa94-04c1-424b-9868-57a2d4851a1d" />
    <TestEntry testId="20d0b2f7-f9ca-6a0d-2ad4-0a94dcabaee3" executionId="b5079b50-66a5-47c2-89a4-171ec31fbfb3" testListId="8c84fa94-04c1-424b-9868-57a2d4851a1d" />
    <TestEntry testId="01fec83b-c7e5-0568-fc06-b1f900719e2b" executionId="630413f3-df7e-410f-8dc5-a3e2ff2bbd50" testListId="8c84fa94-04c1-424b-9868-57a2d4851a1d" />
    <TestEntry testId="8f0b110f-9646-c978-cd3b-4474fb762616" executionId="28385ecd-2e04-454b-a67f-5388792e6f7e" testListId="8c84fa94-04c1-424b-9868-57a2d4851a1d" />
    <TestEntry testId="66e7c33e-c839-1adb-e26d-2c65ae0816fa" executionId="36a0678e-a525-475e-b6ae-14ed865f9603" testListId="8c84fa94-04c1-424b-9868-57a2d4851a1d" />
    <TestEntry testId="155d11c4-e36d-23f7-6ff3-b4775d6d4425" executionId="ab706887-50b7-44db-a621-7aa9f2cfe236" testListId="8c84fa94-04c1-424b-9868-57a2d4851a1d" />
    <TestEntry testId="3d8d9268-6f5b-eae6-4510-2f71684f8411" executionId="5f79cf7e-acda-4fcc-842e-88a0d776f374" testListId="8c84fa94-04c1-424b-9868-57a2d4851a1d" />
    <TestEntry testId="78dc7a10-fc73-f3a6-d02b-e11c3d1745f2" executionId="59b80371-82ea-4ea6-90be-a63d3037b6fa" testListId="8c84fa94-04c1-424b-9868-57a2d4851a1d" />
    <TestEntry testId="bad1f1fe-729f-3852-1f42-8c49fcbcd945" executionId="43bc05b7-31a8-4150-898f-64de304ea6cf" testListId="8c84fa94-04c1-424b-9868-57a2d4851a1d" />
    <TestEntry testId="c71018f5-1a11-2cfb-a2e5-f3cb03e70c88" executionId="18093234-397d-4ddc-a504-410148315009" testListId="8c84fa94-04c1-424b-9868-57a2d4851a1d" />
    <TestEntry testId="a2ef6fbb-83d7-11f4-8275-447cc8cebd1c" executionId="b284767c-b82a-4458-973f-8518dcb321c6" testListId="8c84fa94-04c1-424b-9868-57a2d4851a1d" />
    <TestEntry testId="025c0d46-2fc9-1163-54c9-0160df0b2741" executionId="4138f5e5-b2a6-48f7-b03d-c21cb8d842c1" testListId="8c84fa94-04c1-424b-9868-57a2d4851a1d" />
    <TestEntry testId="925c2737-f0b9-c266-9c59-a66287ad7fc8" executionId="ec820d4e-8cde-4084-9de3-f1ecffd86af2" testListId="8c84fa94-04c1-424b-9868-57a2d4851a1d" />
    <TestEntry testId="f33372eb-811b-ebc3-d661-9849fbcf432b" executionId="37a47a8b-866c-416f-9b6c-0d65ae002466" testListId="8c84fa94-04c1-424b-9868-57a2d4851a1d" />
    <TestEntry testId="258a9c3e-8446-24c4-4212-ac9437a3c9a9" executionId="2b4f6aac-e5d4-43d2-a094-d82ee9bf7130" testListId="8c84fa94-04c1-424b-9868-57a2d4851a1d" />
    <TestEntry testId="3e845267-b80b-bf62-2dd4-4d79d5627e72" executionId="4cecacfd-bc97-4dd9-8c63-a340cdc06fa2" testListId="8c84fa94-04c1-424b-9868-57a2d4851a1d" />
    <TestEntry testId="c638dd39-ddd3-93af-c718-15f3e27eeb4b" executionId="9c492f15-3f35-46a8-86f0-d9fa4c2f27b5" testListId="8c84fa94-04c1-424b-9868-57a2d4851a1d" />
    <TestEntry testId="86c16933-82c7-704e-858f-820386092861" executionId="1b7686db-a773-4750-bc82-1acbe1d9b118" testListId="8c84fa94-04c1-424b-9868-57a2d4851a1d" />
    <TestEntry testId="66a595b9-c3f6-b772-131e-afe922db454d" executionId="c17769a0-5be9-4f98-819d-992a98cf48a3" testListId="8c84fa94-04c1-424b-9868-57a2d4851a1d" />
    <TestEntry testId="e4e1c61e-2e6b-8038-4ec5-7b4dcd10be8b" executionId="ecfdc8a8-737b-412c-94da-1d32a6a45882" testListId="8c84fa94-04c1-424b-9868-57a2d4851a1d" />
    <TestEntry testId="8618f966-c4c2-4984-1aec-d7849186c044" executionId="75ccc9c3-1aad-46a2-98f6-d5d45d3910d6" testListId="8c84fa94-04c1-424b-9868-57a2d4851a1d" />
    <TestEntry testId="751a0b53-ad4e-4105-f0e9-9f5ea79720c4" executionId="e4d60268-7f32-45bc-98f1-ef8bc0480033" testListId="8c84fa94-04c1-424b-9868-57a2d4851a1d" />
    <TestEntry testId="3e046274-2f24-09eb-7144-666be5f189c5" executionId="40fefced-e9a4-4381-8234-d6cf0e8932b2" testListId="8c84fa94-04c1-424b-9868-57a2d4851a1d" />
    <TestEntry testId="150c0cf3-f570-c863-314e-fc92665d51fd" executionId="328710f3-ac69-4d0c-96be-5b098b427b1c" testListId="8c84fa94-04c1-424b-9868-57a2d4851a1d" />
    <TestEntry testId="6f636b88-78ec-e96f-bf7d-39c75aed4ed7" executionId="1fc4e1c8-1b07-406d-8c8f-8280c6c340d7" testListId="8c84fa94-04c1-424b-9868-57a2d4851a1d" />
    <TestEntry testId="872fa066-07fa-c82d-dbbc-dcd196676f85" executionId="27f50e39-0df7-49f4-b2a3-4e03d2a9543f" testListId="8c84fa94-04c1-424b-9868-57a2d4851a1d" />
    <TestEntry testId="d3096566-2b1b-cb78-df9d-2594ecb567c6" executionId="289cf40f-545a-4ebb-8ca1-5a6a9b2beacd" testListId="8c84fa94-04c1-424b-9868-57a2d4851a1d" />
    <TestEntry testId="2cb465da-7d8a-6db2-ac94-d473d446fcf5" executionId="5a78bf96-d30f-4257-9d58-f925bc2bbbfd" testListId="8c84fa94-04c1-424b-9868-57a2d4851a1d" />
    <TestEntry testId="ee1e18ad-bb23-88e2-c3df-1304057ed7bd" executionId="c8d318e9-3307-4ae5-9cf1-b9ec92cf49ba" testListId="8c84fa94-04c1-424b-9868-57a2d4851a1d" />
    <TestEntry testId="b0e1a122-cce9-2812-5e0c-93b5f752fadb" executionId="e2eff93b-3f24-48e9-a43b-35ea9dacabbd" testListId="8c84fa94-04c1-424b-9868-57a2d4851a1d" />
    <TestEntry testId="dd433ff5-26b4-a492-b413-9f4094652168" executionId="87af12eb-6d7d-4d7d-a2b3-3916bd31c82f" testListId="8c84fa94-04c1-424b-9868-57a2d4851a1d" />
    <TestEntry testId="6706403c-c6b2-4bb2-b134-b9c812636771" executionId="71759b7e-8bf3-4d89-839a-279a8d6c6b2a" testListId="8c84fa94-04c1-424b-9868-57a2d4851a1d" />
    <TestEntry testId="0c1e6c95-0076-4164-1529-876b7af5b05d" executionId="11fe815c-ee53-45dc-bebe-bbf623a2c5d6" testListId="8c84fa94-04c1-424b-9868-57a2d4851a1d" />
    <TestEntry testId="718d6c2c-fbe0-2011-56d6-1c97158a85d9" executionId="9fdea7be-7b39-4b9f-94d4-1c6421f250a1" testListId="8c84fa94-04c1-424b-9868-57a2d4851a1d" />
    <TestEntry testId="8f5e6d85-5567-7e8b-25ee-c470182e0363" executionId="b09125e5-3ef5-4a25-a8a0-0ea8525bdfbe" testListId="8c84fa94-04c1-424b-9868-57a2d4851a1d" />
    <TestEntry testId="a0726d4e-5d55-fee5-9767-233a54a4894c" executionId="3f9e002c-a2ee-4703-93ec-5bdd480f481d" testListId="8c84fa94-04c1-424b-9868-57a2d4851a1d" />
    <TestEntry testId="90cc7e78-dad6-325b-6240-e7306ebf1499" executionId="817a7601-494a-444d-90e1-a47439e1730c" testListId="8c84fa94-04c1-424b-9868-57a2d4851a1d" />
    <TestEntry testId="9bfdd926-19c3-60de-c8d9-53e9c6c6762c" executionId="205568cc-890e-4f40-8b4a-acac7540547a" testListId="8c84fa94-04c1-424b-9868-57a2d4851a1d" />
    <TestEntry testId="50f82988-81f0-babc-b9c3-da43b9ba633e" executionId="6574be17-2982-4363-8d4b-575c3a0cb5c2" testListId="8c84fa94-04c1-424b-9868-57a2d4851a1d" />
    <TestEntry testId="8ce70262-c2d8-c998-2248-24d3d8c77ea8" executionId="6fcdff98-e890-4b3e-a662-f6e03492e89d" testListId="8c84fa94-04c1-424b-9868-57a2d4851a1d" />
    <TestEntry testId="08eef054-7703-151c-53c4-9330344edf1e" executionId="d4d78021-0b15-4938-88aa-1bd5523cfcb0" testListId="8c84fa94-04c1-424b-9868-57a2d4851a1d" />
    <TestEntry testId="a08cbb25-0de3-f9dd-210c-1bdad780e82a" executionId="645eaa03-cad3-4dfa-98d2-28bcab3a5eb6" testListId="8c84fa94-04c1-424b-9868-57a2d4851a1d" />
    <TestEntry testId="6e07f7c4-c01a-8437-2805-97f37b6094d2" executionId="66ed7013-c0b0-4449-9da7-20f2112c0f29" testListId="8c84fa94-04c1-424b-9868-57a2d4851a1d" />
    <TestEntry testId="195c89d9-72d9-0b92-d7eb-13406979ace3" executionId="e7265d42-65c7-456d-a3ff-481d5091c791" testListId="8c84fa94-04c1-424b-9868-57a2d4851a1d" />
    <TestEntry testId="f207def3-cd5c-c803-3a34-a3bf22202399" executionId="fa2074fd-e779-41e5-9e80-cbcfce307cf4" testListId="8c84fa94-04c1-424b-9868-57a2d4851a1d" />
    <TestEntry testId="9582aa00-a81b-ed8b-3b9e-cb294fa281ed" executionId="9643fb11-a268-4078-b4a5-10ba39729af1" testListId="8c84fa94-04c1-424b-9868-57a2d4851a1d" />
    <TestEntry testId="4b1eb986-a089-ccd2-6d36-f4715fd9f1c9" executionId="0b65d13b-2480-4362-a750-9c21e759e0c5" testListId="8c84fa94-04c1-424b-9868-57a2d4851a1d" />
    <TestEntry testId="cb6a08fd-f2c9-42ba-aff7-edf4aa9534b1" executionId="d9daf2fc-e108-471a-87e6-474d18168ed6" testListId="8c84fa94-04c1-424b-9868-57a2d4851a1d" />
    <TestEntry testId="044619e5-4fbe-a170-f21f-235a88fa5dd1" executionId="e634b6e0-feb9-441a-b794-fb49f70f3508" testListId="8c84fa94-04c1-424b-9868-57a2d4851a1d" />
    <TestEntry testId="4ed75e67-7998-b02e-f5d8-22ab39109567" executionId="0a354fd5-f97e-4965-833e-26b9465dcc85" testListId="8c84fa94-04c1-424b-9868-57a2d4851a1d" />
    <TestEntry testId="a734eebc-c145-741d-101b-6e2f9e733554" executionId="46a9b751-8375-42ad-a0dd-1e1ea6eec019" testListId="8c84fa94-04c1-424b-9868-57a2d4851a1d" />
    <TestEntry testId="a678384b-4cc3-7537-ea06-b6a96f8a13f2" executionId="a895c87f-0a0f-49dd-8a81-0d4de6dae2bd" testListId="8c84fa94-04c1-424b-9868-57a2d4851a1d" />
    <TestEntry testId="8c6f9156-fd9e-f18e-e308-f99d0e4ed62e" executionId="8452f9a2-fe61-48c8-a4a5-30df5f8ae226" testListId="8c84fa94-04c1-424b-9868-57a2d4851a1d" />
    <TestEntry testId="cba90884-1c24-ad83-0bcf-7783b50d436c" executionId="2e8519ea-d706-4c45-8aa0-a4ddd2ac17db" testListId="8c84fa94-04c1-424b-9868-57a2d4851a1d" />
    <TestEntry testId="db32e98b-4f47-83d8-ec99-f5a2b201f1a2" executionId="cc49f830-81bb-4f38-8bc9-469cc0ddd7c1" testListId="8c84fa94-04c1-424b-9868-57a2d4851a1d" />
    <TestEntry testId="dc3ed8e6-dd45-ff15-52ad-ce05fb6ee654" executionId="7416b967-9bca-4adc-a55b-1962600fc9a0" testListId="8c84fa94-04c1-424b-9868-57a2d4851a1d" />
    <TestEntry testId="21ee8082-a7f9-e94b-34e0-04c41c01a2e0" executionId="51dbc1d1-ff22-407a-8d3c-cfa4eb44cb9e" testListId="8c84fa94-04c1-424b-9868-57a2d4851a1d" />
    <TestEntry testId="dd43b699-ed6f-7f0e-ba84-04a050dcb1c8" executionId="8c954140-35d7-48f7-9cfb-f244ee8fdca7" testListId="8c84fa94-04c1-424b-9868-57a2d4851a1d" />
    <TestEntry testId="24a848e5-a5b6-7357-b9eb-482ad0b77339" executionId="0255c047-2b54-4795-b9eb-6010fefb0193" testListId="8c84fa94-04c1-424b-9868-57a2d4851a1d" />
    <TestEntry testId="27f29d9a-33a7-d71e-552f-ab24b8a8296b" executionId="ea418475-1b46-49c1-ae76-567db7540d1c" testListId="8c84fa94-04c1-424b-9868-57a2d4851a1d" />
    <TestEntry testId="11183cc5-644e-5cbb-fcef-705ec908e66c" executionId="cc105922-3d47-4223-bfdc-22cd1c6e24cd" testListId="8c84fa94-04c1-424b-9868-57a2d4851a1d" />
    <TestEntry testId="72c55568-687a-a622-a9a8-b05ca4c79bce" executionId="d0104ec8-2bc4-4c96-9631-24f5822ce3eb" testListId="8c84fa94-04c1-424b-9868-57a2d4851a1d" />
    <TestEntry testId="f1cad391-caaf-f354-d09c-b3f643a99993" executionId="aebe3228-1e6c-4e0b-bdf4-e63677bd5048" testListId="8c84fa94-04c1-424b-9868-57a2d4851a1d" />
    <TestEntry testId="9103a023-0a77-2274-a5e4-a22d6fefc24b" executionId="a8df43f5-42b9-44ee-86f8-d1ee36caafeb" testListId="8c84fa94-04c1-424b-9868-57a2d4851a1d" />
    <TestEntry testId="c3302ce9-e806-802d-6c63-d2dca5c3d4bf" executionId="28e0b758-f296-4f1a-9d9c-11ab80adcfa3" testListId="8c84fa94-04c1-424b-9868-57a2d4851a1d" />
    <TestEntry testId="3fa14478-7274-28e0-5144-9e94fb668136" executionId="ff40666a-0455-47d1-b297-7f6688278741" testListId="8c84fa94-04c1-424b-9868-57a2d4851a1d" />
    <TestEntry testId="44bdb7ca-98cf-f7f1-128e-0f40fcbbe798" executionId="a89ee1fb-b149-420e-9ec5-e2cfdb9bb6ff" testListId="8c84fa94-04c1-424b-9868-57a2d4851a1d" />
    <TestEntry testId="8dfec8b8-530d-8195-5d39-014d091d0223" executionId="87b126ff-221e-4613-b85d-80a09e8b7faf" testListId="8c84fa94-04c1-424b-9868-57a2d4851a1d" />
  </TestEntries>
  <TestLists>
    <TestList name="Resultados sin formato de lista" id="8c84fa94-04c1-424b-9868-57a2d4851a1d" />
    <TestList name="Todos los resultados cargados" id="19431567-8539-422a-85d7-44ee4e166bda" />
  </TestLists>
  <ResultSummary outcome="Completed">
    <Counters total="279" executed="278" passed="278" failed="0" error="0" timeout="0" aborted="0" inconclusive="0" passedButRunAborted="0" notRunnable="0" notExecuted="0" disconnected="0" warning="0" completed="0" inProgress="0" pending="0" />
    <Output>
      <StdOut>NUnit Adapter 4.6.0.0: Test execution started&#xD;
Running all tests in C:\Users\Asus\OneDrive - CONTASIS\ProyectoFacturaFacil\tests\ComprobantesElectronicosBC.Tests\bin\Debug\net9.0\ComprobantesElectronicosBC.Tests.dll&#xD;
   NUnit3TestExecutor discovered 279 of 279 NUnit test cases using Current Discovery mode, Non-Explicit run&#xD;
Json_RoundTrip_SiEsPosible: Moneda no es deserializable con System.Text.Json (sin JsonConstructor/ctor público).&#xD;
Se ha omitido la prueba 'Json_RoundTrip_SiEsPosible' en la serie de pruebas.&#xD;
NUnit Adapter 4.6.0.0: Test execution complete&#xD;
</StdOut>
    </Output>
  </ResultSummary>
</TestRun>