<?xml version="1.0" encoding="utf-8"?>
<TestRun id="22df212d-f1de-40f0-8a3b-c4457b3dc856" name="ANTONIO HUAMAN@DESKTOP-M3BHVTI 2025-09-06 00:36:36" runUser="DESKTOP-M3BHVTI\ANTONIO HUAMAN" xmlns="http://microsoft.com/schemas/VisualStudio/TeamTest/2010">
  <Times creation="2025-09-06T00:36:36.3980499-05:00" queuing="2025-09-06T00:36:36.3980500-05:00" start="2025-09-06T00:36:35.7107182-05:00" finish="2025-09-06T00:36:36.4246441-05:00" />
  <TestSettings name="default" id="79035283-e7b3-49e6-903a-a1cbd87b32ad">
    <Deployment runDeploymentRoot="ANTONIO_HUAMAN_DESKTOP-M3BHVTI_2025-09-06_00_36_36" />
  </TestSettings>
  <Results>
    <UnitTestResult executionId="ae33013b-9660-49a1-84c9-a726b994ed34" testId="157e78e0-b055-1306-a1fe-73e1bb643192" testName="Actualiza_preferencias_y_moneda_correctamente" computerName="DESKTOP-M3BHVTI" duration="00:00:00.0067600" startTime="2025-09-06T00:36:36.2600189-05:00" endTime="2025-09-06T00:36:36.2667787-05:00" testType="13cdc9d9-ddb5-4fa4-a97d-d965ccfc6d4b" outcome="Failed" testListId="8c84fa94-04c1-424b-9868-57a2d4851a1d" relativeResultsDirectory="ae33013b-9660-49a1-84c9-a726b994ed34">
      <Output>
        <ErrorInfo>
          <Message>Moq.MockException : IConfiguracionEmpresaRepository.UpdateIfVersionMatchAsync(ConfiguracionEmpresa, 4, CancellationToken) invocation failed with mock behavior Strict.&#xD;
All invocations on the mock must have a corresponding setup.</Message>
          <StackTrace>   at Moq.FailForStrictMock.Handle(Invocation invocation, Mock mock) in /_/src/Moq/Interception/InterceptionAspects.cs:line 182&#xD;
   at Moq.Mock.Moq.IInterceptor.Intercept(Invocation invocation) in /_/src/Moq/Interception/Mock.cs:line 27&#xD;
   at Moq.CastleProxyFactory.Interceptor.Intercept(IInvocation underlying) in /_/src/Moq/Interception/CastleProxyFactory.cs:line 107&#xD;
   at Castle.DynamicProxy.AbstractInvocation.Proceed()&#xD;
   at Castle.Proxies.IConfiguracionEmpresaRepositoryProxy.UpdateIfVersionMatchAsync(ConfiguracionEmpresa aggregate, Int32 expectedVersion, CancellationToken ct)&#xD;
   at ConfiguracionSistemaBC.Application.UseCases.ActualizarConfiguracionEmpresaUseCase.HandleAsync(ActualizarConfiguracionEmpresaInputDto input, CancellationToken ct) in C:\ProyectoFacturaFacil\src\ConfiguracionSistemaBC\Application\UseCases\ActualizarConfiguracionEmpresaUseCase.cs:line 111&#xD;
   at ConfiguracionSistemaBC.Tests.Application.UseCases.ActualizarConfiguracionEmpresaUseCaseTests.Actualiza_preferencias_y_moneda_correctamente() in C:\ProyectoFacturaFacil\tests\ConfiguracionSistemaBC.Tests\Application\Tests\UseCasesTests\ActualizarConfiguracionEmpresaUseCaseTests.cs:line 72&#xD;
   at NUnit.Framework.Internal.TaskAwaitAdapter.GenericAdapter`1.GetResult()&#xD;
   at NUnit.Framework.Internal.AsyncToSyncAdapter.Await[TResult](Func`1 invoke)&#xD;
   at NUnit.Framework.Internal.AsyncToSyncAdapter.Await(Func`1 invoke)&#xD;
   at NUnit.Framework.Internal.Commands.TestMethodCommand.RunTestMethod(TestExecutionContext context)&#xD;
   at NUnit.Framework.Internal.Commands.TestMethodCommand.Execute(TestExecutionContext context)&#xD;
   at NUnit.Framework.Internal.Execution.SimpleWorkItem.&lt;&gt;c__DisplayClass3_0.&lt;PerformWork&gt;b__0()&#xD;
   at NUnit.Framework.Internal.ContextUtils.&lt;&gt;c__DisplayClass1_0`1.&lt;DoIsolated&gt;b__0(Object _)&#xD;
   at System.Threading.ExecutionContext.RunInternal(ExecutionContext executionContext, ContextCallback callback, Object state)&#xD;
--- End of stack trace from previous location ---&#xD;
   at System.Threading.ExecutionContext.RunInternal(ExecutionContext executionContext, ContextCallback callback, Object state)&#xD;
   at NUnit.Framework.Internal.ContextUtils.DoIsolated(ContextCallback callback, Object state)&#xD;
   at NUnit.Framework.Internal.ContextUtils.DoIsolated[T](Func`1 func)&#xD;
   at NUnit.Framework.Internal.Execution.SimpleWorkItem.PerformWork()
</StackTrace>
        </ErrorInfo>
      </Output>
    </UnitTestResult>
    <UnitTestResult executionId="18a4ee7f-eef2-4fcf-b2f4-fdccc0337115" testId="a6315c38-8eb7-e6e4-0c52-7f439701c463" testName="Lanza_si_no_hay_empresa_en_contexto_y_no_se_envia_en_input" computerName="DESKTOP-M3BHVTI" duration="00:00:00.0007500" startTime="2025-09-06T00:36:36.2795813-05:00" endTime="2025-09-06T00:36:36.2803306-05:00" testType="13cdc9d9-ddb5-4fa4-a97d-d965ccfc6d4b" outcome="Passed" testListId="8c84fa94-04c1-424b-9868-57a2d4851a1d" relativeResultsDirectory="18a4ee7f-eef2-4fcf-b2f4-fdccc0337115" />
    <UnitTestResult executionId="2c385667-2624-4064-bd9c-5f38346c70f0" testId="1d1ccecf-1e86-d8a9-0cb5-c2e64f2e19fc" testName="Actualiza_datos_legales_sin_cambiar_RUC" computerName="DESKTOP-M3BHVTI" duration="00:00:00.0725910" startTime="2025-09-06T00:36:36.1865935-05:00" endTime="2025-09-06T00:36:36.2591520-05:00" testType="13cdc9d9-ddb5-4fa4-a97d-d965ccfc6d4b" outcome="Failed" testListId="8c84fa94-04c1-424b-9868-57a2d4851a1d" relativeResultsDirectory="2c385667-2624-4064-bd9c-5f38346c70f0">
      <Output>
        <ErrorInfo>
          <Message>Moq.MockException : IConfiguracionEmpresaRepository.UpdateIfVersionMatchAsync(ConfiguracionEmpresa, 4, CancellationToken) invocation failed with mock behavior Strict.&#xD;
All invocations on the mock must have a corresponding setup.</Message>
          <StackTrace>   at Moq.FailForStrictMock.Handle(Invocation invocation, Mock mock) in /_/src/Moq/Interception/InterceptionAspects.cs:line 182&#xD;
   at Moq.Mock.Moq.IInterceptor.Intercept(Invocation invocation) in /_/src/Moq/Interception/Mock.cs:line 27&#xD;
   at Moq.CastleProxyFactory.Interceptor.Intercept(IInvocation underlying) in /_/src/Moq/Interception/CastleProxyFactory.cs:line 107&#xD;
   at Castle.DynamicProxy.AbstractInvocation.Proceed()&#xD;
   at Castle.Proxies.IConfiguracionEmpresaRepositoryProxy.UpdateIfVersionMatchAsync(ConfiguracionEmpresa aggregate, Int32 expectedVersion, CancellationToken ct)&#xD;
   at ConfiguracionSistemaBC.Application.UseCases.ActualizarConfiguracionEmpresaUseCase.HandleAsync(ActualizarConfiguracionEmpresaInputDto input, CancellationToken ct) in C:\ProyectoFacturaFacil\src\ConfiguracionSistemaBC\Application\UseCases\ActualizarConfiguracionEmpresaUseCase.cs:line 111&#xD;
   at ConfiguracionSistemaBC.Tests.Application.UseCases.ActualizarConfiguracionEmpresaUseCaseTests.Actualiza_datos_legales_sin_cambiar_RUC() in C:\ProyectoFacturaFacil\tests\ConfiguracionSistemaBC.Tests\Application\Tests\UseCasesTests\ActualizarConfiguracionEmpresaUseCaseTests.cs:line 129&#xD;
   at NUnit.Framework.Internal.TaskAwaitAdapter.GenericAdapter`1.GetResult()&#xD;
   at NUnit.Framework.Internal.AsyncToSyncAdapter.Await[TResult](Func`1 invoke)&#xD;
   at NUnit.Framework.Internal.AsyncToSyncAdapter.Await(Func`1 invoke)&#xD;
   at NUnit.Framework.Internal.Commands.TestMethodCommand.RunTestMethod(TestExecutionContext context)&#xD;
   at NUnit.Framework.Internal.Commands.TestMethodCommand.Execute(TestExecutionContext context)&#xD;
   at NUnit.Framework.Internal.Execution.SimpleWorkItem.&lt;&gt;c__DisplayClass3_0.&lt;PerformWork&gt;b__0()&#xD;
   at NUnit.Framework.Internal.ContextUtils.&lt;&gt;c__DisplayClass1_0`1.&lt;DoIsolated&gt;b__0(Object _)&#xD;
   at System.Threading.ExecutionContext.RunInternal(ExecutionContext executionContext, ContextCallback callback, Object state)&#xD;
--- End of stack trace from previous location ---&#xD;
   at System.Threading.ExecutionContext.RunInternal(ExecutionContext executionContext, ContextCallback callback, Object state)&#xD;
   at NUnit.Framework.Internal.ContextUtils.DoIsolated(ContextCallback callback, Object state)&#xD;
   at NUnit.Framework.Internal.ContextUtils.DoIsolated[T](Func`1 func)&#xD;
   at NUnit.Framework.Internal.Execution.SimpleWorkItem.PerformWork()
</StackTrace>
        </ErrorInfo>
      </Output>
    </UnitTestResult>
    <UnitTestResult executionId="145106c0-3ecc-43ca-bfc3-d29c7b3c8ea8" testId="eb0729b9-c6fe-382b-5673-20ce7a499fd7" testName="Lanza_si_no_existe_la_configuracion" computerName="DESKTOP-M3BHVTI" duration="00:00:00.0127650" startTime="2025-09-06T00:36:36.2667962-05:00" endTime="2025-09-06T00:36:36.2795611-05:00" testType="13cdc9d9-ddb5-4fa4-a97d-d965ccfc6d4b" outcome="Failed" testListId="8c84fa94-04c1-424b-9868-57a2d4851a1d" relativeResultsDirectory="145106c0-3ecc-43ca-bfc3-d29c7b3c8ea8">
      <Output>
        <ErrorInfo>
          <Message>Moq.MockException : Mock&lt;ITenantContext:3&gt;:&#xD;
This mock failed verification due to the following:&#xD;
&#xD;
   ITenantContext t =&gt; t.TenantId:&#xD;
   This setup was not matched.</Message>
          <StackTrace>   at Moq.Mock.Verify(Func`2 predicate, HashSet`1 verifiedMocks) in /_/src/Moq/Mock.cs:line 310&#xD;
   at Moq.Mock.VerifyAll() in /_/src/Moq/Mock.cs:line 277&#xD;
   at ConfiguracionSistemaBC.Tests.Application.UseCases.ActualizarConfiguracionEmpresaUseCaseTests.Lanza_si_no_existe_la_configuracion() in C:\ProyectoFacturaFacil\tests\ConfiguracionSistemaBC.Tests\Application\Tests\UseCasesTests\ActualizarConfiguracionEmpresaUseCaseTests.cs:line 232&#xD;
   at System.RuntimeMethodHandle.InvokeMethod(Object target, Void** arguments, Signature sig, Boolean isConstructor)&#xD;
   at System.Reflection.MethodBaseInvoker.InvokeWithNoArgs(Object obj, BindingFlags invokeAttr)
</StackTrace>
        </ErrorInfo>
      </Output>
    </UnitTestResult>
    <UnitTestResult executionId="6ab1c9dc-bcc6-478e-9cb6-f968171bcf69" testId="ff39f156-b736-325c-989b-1a7a187c20a9" testName="Permite_vaciar_lista_de_emails" computerName="DESKTOP-M3BHVTI" duration="00:00:00.0019600" startTime="2025-09-06T00:36:36.2803433-05:00" endTime="2025-09-06T00:36:36.2823031-05:00" testType="13cdc9d9-ddb5-4fa4-a97d-d965ccfc6d4b" outcome="Failed" testListId="8c84fa94-04c1-424b-9868-57a2d4851a1d" relativeResultsDirectory="6ab1c9dc-bcc6-478e-9cb6-f968171bcf69">
      <Output>
        <ErrorInfo>
          <Message>Moq.MockException : IConfiguracionEmpresaRepository.UpdateIfVersionMatchAsync(ConfiguracionEmpresa, 5, CancellationToken) invocation failed with mock behavior Strict.&#xD;
All invocations on the mock must have a corresponding setup.</Message>
          <StackTrace>   at Moq.FailForStrictMock.Handle(Invocation invocation, Mock mock) in /_/src/Moq/Interception/InterceptionAspects.cs:line 182&#xD;
   at Moq.Mock.Moq.IInterceptor.Intercept(Invocation invocation) in /_/src/Moq/Interception/Mock.cs:line 27&#xD;
   at Moq.CastleProxyFactory.Interceptor.Intercept(IInvocation underlying) in /_/src/Moq/Interception/CastleProxyFactory.cs:line 107&#xD;
   at Castle.DynamicProxy.AbstractInvocation.Proceed()&#xD;
   at Castle.Proxies.IConfiguracionEmpresaRepositoryProxy.UpdateIfVersionMatchAsync(ConfiguracionEmpresa aggregate, Int32 expectedVersion, CancellationToken ct)&#xD;
   at ConfiguracionSistemaBC.Application.UseCases.ActualizarConfiguracionEmpresaUseCase.HandleAsync(ActualizarConfiguracionEmpresaInputDto input, CancellationToken ct) in C:\ProyectoFacturaFacil\src\ConfiguracionSistemaBC\Application\UseCases\ActualizarConfiguracionEmpresaUseCase.cs:line 111&#xD;
   at ConfiguracionSistemaBC.Tests.Application.UseCases.ActualizarConfiguracionEmpresaUseCaseTests.Permite_vaciar_lista_de_emails() in C:\ProyectoFacturaFacil\tests\ConfiguracionSistemaBC.Tests\Application\Tests\UseCasesTests\ActualizarConfiguracionEmpresaUseCaseTests.cs:line 267&#xD;
   at NUnit.Framework.Internal.TaskAwaitAdapter.GenericAdapter`1.GetResult()&#xD;
   at NUnit.Framework.Internal.AsyncToSyncAdapter.Await[TResult](Func`1 invoke)&#xD;
   at NUnit.Framework.Internal.AsyncToSyncAdapter.Await(Func`1 invoke)&#xD;
   at NUnit.Framework.Internal.Commands.TestMethodCommand.RunTestMethod(TestExecutionContext context)&#xD;
   at NUnit.Framework.Internal.Commands.TestMethodCommand.Execute(TestExecutionContext context)&#xD;
   at NUnit.Framework.Internal.Execution.SimpleWorkItem.&lt;&gt;c__DisplayClass3_0.&lt;PerformWork&gt;b__0()&#xD;
   at NUnit.Framework.Internal.ContextUtils.&lt;&gt;c__DisplayClass1_0`1.&lt;DoIsolated&gt;b__0(Object _)&#xD;
   at System.Threading.ExecutionContext.RunInternal(ExecutionContext executionContext, ContextCallback callback, Object state)&#xD;
--- End of stack trace from previous location ---&#xD;
   at System.Threading.ExecutionContext.RunInternal(ExecutionContext executionContext, ContextCallback callback, Object state)&#xD;
   at NUnit.Framework.Internal.ContextUtils.DoIsolated(ContextCallback callback, Object state)&#xD;
   at NUnit.Framework.Internal.ContextUtils.DoIsolated[T](Func`1 func)&#xD;
   at NUnit.Framework.Internal.Execution.SimpleWorkItem.PerformWork()
</StackTrace>
        </ErrorInfo>
      </Output>
    </UnitTestResult>
    <UnitTestResult executionId="1ed46d91-cb4c-4037-aceb-3fd4644a262c" testId="f76615dd-9fcd-c7b7-c11f-491a3ea5d7d3" testName="Usa_EmpresaId_del_input_cuando_se_provee" computerName="DESKTOP-M3BHVTI" duration="00:00:00.0023330" startTime="2025-09-06T00:36:36.2823149-05:00" endTime="2025-09-06T00:36:36.2846478-05:00" testType="13cdc9d9-ddb5-4fa4-a97d-d965ccfc6d4b" outcome="Failed" testListId="8c84fa94-04c1-424b-9868-57a2d4851a1d" relativeResultsDirectory="1ed46d91-cb4c-4037-aceb-3fd4644a262c">
      <Output>
        <ErrorInfo>
          <Message>Moq.MockException : IConfiguracionEmpresaRepository.UpdateIfVersionMatchAsync(ConfiguracionEmpresa, 4, CancellationToken) invocation failed with mock behavior Strict.&#xD;
All invocations on the mock must have a corresponding setup.</Message>
          <StackTrace>   at Moq.FailForStrictMock.Handle(Invocation invocation, Mock mock) in /_/src/Moq/Interception/InterceptionAspects.cs:line 182&#xD;
   at Moq.Mock.Moq.IInterceptor.Intercept(Invocation invocation) in /_/src/Moq/Interception/Mock.cs:line 27&#xD;
   at Moq.CastleProxyFactory.Interceptor.Intercept(IInvocation underlying) in /_/src/Moq/Interception/CastleProxyFactory.cs:line 107&#xD;
   at Castle.DynamicProxy.AbstractInvocation.Proceed()&#xD;
   at Castle.Proxies.IConfiguracionEmpresaRepositoryProxy.UpdateIfVersionMatchAsync(ConfiguracionEmpresa aggregate, Int32 expectedVersion, CancellationToken ct)&#xD;
   at ConfiguracionSistemaBC.Application.UseCases.ActualizarConfiguracionEmpresaUseCase.HandleAsync(ActualizarConfiguracionEmpresaInputDto input, CancellationToken ct) in C:\ProyectoFacturaFacil\src\ConfiguracionSistemaBC\Application\UseCases\ActualizarConfiguracionEmpresaUseCase.cs:line 111&#xD;
   at ConfiguracionSistemaBC.Tests.Application.UseCases.ActualizarConfiguracionEmpresaUseCaseTests.Usa_EmpresaId_del_input_cuando_se_provee() in C:\ProyectoFacturaFacil\tests\ConfiguracionSistemaBC.Tests\Application\Tests\UseCasesTests\ActualizarConfiguracionEmpresaUseCaseTests.cs:line 176&#xD;
   at NUnit.Framework.Internal.TaskAwaitAdapter.GenericAdapter`1.GetResult()&#xD;
   at NUnit.Framework.Internal.AsyncToSyncAdapter.Await[TResult](Func`1 invoke)&#xD;
   at NUnit.Framework.Internal.AsyncToSyncAdapter.Await(Func`1 invoke)&#xD;
   at NUnit.Framework.Internal.Commands.TestMethodCommand.RunTestMethod(TestExecutionContext context)&#xD;
   at NUnit.Framework.Internal.Commands.TestMethodCommand.Execute(TestExecutionContext context)&#xD;
   at NUnit.Framework.Internal.Execution.SimpleWorkItem.&lt;&gt;c__DisplayClass3_0.&lt;PerformWork&gt;b__0()&#xD;
   at NUnit.Framework.Internal.ContextUtils.&lt;&gt;c__DisplayClass1_0`1.&lt;DoIsolated&gt;b__0(Object _)&#xD;
   at System.Threading.ExecutionContext.RunInternal(ExecutionContext executionContext, ContextCallback callback, Object state)&#xD;
--- End of stack trace from previous location ---&#xD;
   at System.Threading.ExecutionContext.RunInternal(ExecutionContext executionContext, ContextCallback callback, Object state)&#xD;
   at NUnit.Framework.Internal.ContextUtils.DoIsolated(ContextCallback callback, Object state)&#xD;
   at NUnit.Framework.Internal.ContextUtils.DoIsolated[T](Func`1 func)&#xD;
   at NUnit.Framework.Internal.Execution.SimpleWorkItem.PerformWork()
</StackTrace>
        </ErrorInfo>
      </Output>
    </UnitTestResult>
  </Results>
  <TestDefinitions>
    <UnitTest name="Usa_EmpresaId_del_input_cuando_se_provee" storage="c:\proyectofacturafacil\tests\configuracionsistemabc.tests\bin\debug\net9.0\configuracionsistemabc.tests.dll" id="f76615dd-9fcd-c7b7-c11f-491a3ea5d7d3">
      <Execution id="1ed46d91-cb4c-4037-aceb-3fd4644a262c" />
      <TestMethod codeBase="C:\ProyectoFacturaFacil\tests\ConfiguracionSistemaBC.Tests\bin\Debug\net9.0\ConfiguracionSistemaBC.Tests.dll" adapterTypeName="executor://nunit3testexecutor/" className="ConfiguracionSistemaBC.Tests.Application.UseCases.ActualizarConfiguracionEmpresaUseCaseTests" name="Usa_EmpresaId_del_input_cuando_se_provee" />
    </UnitTest>
    <UnitTest name="Permite_vaciar_lista_de_emails" storage="c:\proyectofacturafacil\tests\configuracionsistemabc.tests\bin\debug\net9.0\configuracionsistemabc.tests.dll" id="ff39f156-b736-325c-989b-1a7a187c20a9">
      <Execution id="6ab1c9dc-bcc6-478e-9cb6-f968171bcf69" />
      <TestMethod codeBase="C:\ProyectoFacturaFacil\tests\ConfiguracionSistemaBC.Tests\bin\Debug\net9.0\ConfiguracionSistemaBC.Tests.dll" adapterTypeName="executor://nunit3testexecutor/" className="ConfiguracionSistemaBC.Tests.Application.UseCases.ActualizarConfiguracionEmpresaUseCaseTests" name="Permite_vaciar_lista_de_emails" />
    </UnitTest>
    <UnitTest name="Actualiza_datos_legales_sin_cambiar_RUC" storage="c:\proyectofacturafacil\tests\configuracionsistemabc.tests\bin\debug\net9.0\configuracionsistemabc.tests.dll" id="1d1ccecf-1e86-d8a9-0cb5-c2e64f2e19fc">
      <Execution id="2c385667-2624-4064-bd9c-5f38346c70f0" />
      <TestMethod codeBase="C:\ProyectoFacturaFacil\tests\ConfiguracionSistemaBC.Tests\bin\Debug\net9.0\ConfiguracionSistemaBC.Tests.dll" adapterTypeName="executor://nunit3testexecutor/" className="ConfiguracionSistemaBC.Tests.Application.UseCases.ActualizarConfiguracionEmpresaUseCaseTests" name="Actualiza_datos_legales_sin_cambiar_RUC" />
    </UnitTest>
    <UnitTest name="Lanza_si_no_hay_empresa_en_contexto_y_no_se_envia_en_input" storage="c:\proyectofacturafacil\tests\configuracionsistemabc.tests\bin\debug\net9.0\configuracionsistemabc.tests.dll" id="a6315c38-8eb7-e6e4-0c52-7f439701c463">
      <Execution id="18a4ee7f-eef2-4fcf-b2f4-fdccc0337115" />
      <TestMethod codeBase="C:\ProyectoFacturaFacil\tests\ConfiguracionSistemaBC.Tests\bin\Debug\net9.0\ConfiguracionSistemaBC.Tests.dll" adapterTypeName="executor://nunit3testexecutor/" className="ConfiguracionSistemaBC.Tests.Application.UseCases.ActualizarConfiguracionEmpresaUseCaseTests" name="Lanza_si_no_hay_empresa_en_contexto_y_no_se_envia_en_input" />
    </UnitTest>
    <UnitTest name="Actualiza_preferencias_y_moneda_correctamente" storage="c:\proyectofacturafacil\tests\configuracionsistemabc.tests\bin\debug\net9.0\configuracionsistemabc.tests.dll" id="157e78e0-b055-1306-a1fe-73e1bb643192">
      <Execution id="ae33013b-9660-49a1-84c9-a726b994ed34" />
      <TestMethod codeBase="C:\ProyectoFacturaFacil\tests\ConfiguracionSistemaBC.Tests\bin\Debug\net9.0\ConfiguracionSistemaBC.Tests.dll" adapterTypeName="executor://nunit3testexecutor/" className="ConfiguracionSistemaBC.Tests.Application.UseCases.ActualizarConfiguracionEmpresaUseCaseTests" name="Actualiza_preferencias_y_moneda_correctamente" />
    </UnitTest>
    <UnitTest name="Lanza_si_no_existe_la_configuracion" storage="c:\proyectofacturafacil\tests\configuracionsistemabc.tests\bin\debug\net9.0\configuracionsistemabc.tests.dll" id="eb0729b9-c6fe-382b-5673-20ce7a499fd7">
      <Execution id="145106c0-3ecc-43ca-bfc3-d29c7b3c8ea8" />
      <TestMethod codeBase="C:\ProyectoFacturaFacil\tests\ConfiguracionSistemaBC.Tests\bin\Debug\net9.0\ConfiguracionSistemaBC.Tests.dll" adapterTypeName="executor://nunit3testexecutor/" className="ConfiguracionSistemaBC.Tests.Application.UseCases.ActualizarConfiguracionEmpresaUseCaseTests" name="Lanza_si_no_existe_la_configuracion" />
    </UnitTest>
  </TestDefinitions>
  <TestEntries>
    <TestEntry testId="157e78e0-b055-1306-a1fe-73e1bb643192" executionId="ae33013b-9660-49a1-84c9-a726b994ed34" testListId="8c84fa94-04c1-424b-9868-57a2d4851a1d" />
    <TestEntry testId="a6315c38-8eb7-e6e4-0c52-7f439701c463" executionId="18a4ee7f-eef2-4fcf-b2f4-fdccc0337115" testListId="8c84fa94-04c1-424b-9868-57a2d4851a1d" />
    <TestEntry testId="1d1ccecf-1e86-d8a9-0cb5-c2e64f2e19fc" executionId="2c385667-2624-4064-bd9c-5f38346c70f0" testListId="8c84fa94-04c1-424b-9868-57a2d4851a1d" />
    <TestEntry testId="eb0729b9-c6fe-382b-5673-20ce7a499fd7" executionId="145106c0-3ecc-43ca-bfc3-d29c7b3c8ea8" testListId="8c84fa94-04c1-424b-9868-57a2d4851a1d" />
    <TestEntry testId="ff39f156-b736-325c-989b-1a7a187c20a9" executionId="6ab1c9dc-bcc6-478e-9cb6-f968171bcf69" testListId="8c84fa94-04c1-424b-9868-57a2d4851a1d" />
    <TestEntry testId="f76615dd-9fcd-c7b7-c11f-491a3ea5d7d3" executionId="1ed46d91-cb4c-4037-aceb-3fd4644a262c" testListId="8c84fa94-04c1-424b-9868-57a2d4851a1d" />
  </TestEntries>
  <TestLists>
    <TestList name="Resultados sin formato de lista" id="8c84fa94-04c1-424b-9868-57a2d4851a1d" />
    <TestList name="Todos los resultados cargados" id="19431567-8539-422a-85d7-44ee4e166bda" />
  </TestLists>
  <ResultSummary outcome="Failed">
    <Counters total="6" executed="6" passed="1" failed="5" error="0" timeout="0" aborted="0" inconclusive="0" passedButRunAborted="0" notRunnable="0" notExecuted="0" disconnected="0" warning="0" completed="0" inProgress="0" pending="0" />
    <Output>
      <StdOut>NUnit Adapter 4.6.0.0: Test execution started&#xD;
Running selected tests in C:\ProyectoFacturaFacil\tests\ConfiguracionSistemaBC.Tests\bin\Debug\net9.0\ConfiguracionSistemaBC.Tests.dll&#xD;
   NUnit3TestExecutor discovered 6 of 6 NUnit test cases using Current Discovery mode, Non-Explicit run&#xD;
NUnit Adapter 4.6.0.0: Test execution complete&#xD;
</StdOut>
    </Output>
  </ResultSummary>
</TestRun>