<?xml version="1.0" encoding="utf-8"?>
<TestRun id="eb07a133-195d-42f3-9b3d-22317039909d" name="Asus@DESKTOP-GBNCN2L 2025-08-11 16:16:53" runUser="DESKTOP-GBNCN2L\Asus" xmlns="http://microsoft.com/schemas/VisualStudio/TeamTest/2010">
  <Times creation="2025-08-11T16:16:53.2113951-05:00" queuing="2025-08-11T16:16:53.2113956-05:00" start="2025-08-11T16:16:51.8981042-05:00" finish="2025-08-11T16:16:53.2118570-05:00" />
  <TestSettings name="default" id="99336e08-dbdd-4f6d-920b-29202f88be5a">
    <Deployment runDeploymentRoot="Asus_DESKTOP-GBNCN2L_2025-08-11_16_16_53" />
  </TestSettings>
  <TestLists>
    <TestList name="Resultados sin formato de lista" id="8c84fa94-04c1-424b-9868-57a2d4851a1d" />
    <TestList name="Todos los resultados cargados" id="19431567-8539-422a-85d7-44ee4e166bda" />
  </TestLists>
  <ResultSummary outcome="Completed">
    <Counters total="0" executed="0" passed="0" failed="0" error="0" timeout="0" aborted="0" inconclusive="0" passedButRunAborted="0" notRunnable="0" notExecuted="0" disconnected="0" warning="0" completed="0" inProgress="0" pending="0" />
    <Output>
      <StdOut>NUnit Adapter 4.6.0.0: Test execution started&#xD;
Running selected tests in C:\Users\Asus\OneDrive - CONTASIS\ProyectoFacturaFacil\tests\ConfiguracionSistemaBC.Tests\bin\Debug\net9.0\ConfiguracionSistemaBC.Tests.dll&#xD;
   NUnit3TestExecutor discovered 0 of 0 NUnit test cases using Current Discovery mode, Explicit run&#xD;
NUnit Adapter 4.6.0.0: Test execution complete&#xD;
</StdOut>
    </Output>
    <RunInfos>
      <RunInfo computerName="DESKTOP-GBNCN2L" outcome="Warning" timestamp="2025-08-11T16:16:53.0959385-05:00">
        <Text>Ninguna prueba coincide con el filtro de casos de prueba proporcionado "TestCategory=UnitTests" en C:\Users\Asus\OneDrive - CONTASIS\ProyectoFacturaFacil\tests\ConfiguracionSistemaBC.Tests\bin\Debug\net9.0\ConfiguracionSistemaBC.Tests.dll</Text>
      </RunInfo>
    </RunInfos>
  </ResultSummary>
</TestRun>