<?xml version="1.0" encoding="utf-8"?>
<TestRun id="b1a974ac-9656-4275-b8a0-106ba80f9f8b" name="ANTONIO HUAMAN@DESKTOP-M3BHVTI 2025-09-07 20:54:34" runUser="DESKTOP-M3BHVTI\ANTONIO HUAMAN" xmlns="http://microsoft.com/schemas/VisualStudio/TeamTest/2010">
  <Times creation="2025-09-07T20:54:34.0965030-05:00" queuing="2025-09-07T20:54:34.0965037-05:00" start="2025-09-07T20:54:30.6933190-05:00" finish="2025-09-07T20:54:34.1361797-05:00" />
  <TestSettings name="default" id="f8a03aa3-e6d0-43ed-bfe3-c80ab5d8f6e1">
    <Deployment runDeploymentRoot="ANTONIO_HUAMAN_DESKTOP-M3BHVTI_2025-09-07_20_54_34" />
  </TestSettings>
  <Results>
    <UnitTestResult executionId="5e4b4f97-c55f-4103-b756-5a21d128f6a0" testId="436403b4-3898-6d5c-0206-3ce03b369cf5" testName="Sin_Empresa_Actual_Lanza_Regla" computerName="DESKTOP-M3BHVTI" duration="00:00:00.0152610" startTime="2025-09-07T20:54:33.9192144-05:00" endTime="2025-09-07T20:54:33.9344745-05:00" testType="13cdc9d9-ddb5-4fa4-a97d-d965ccfc6d4b" outcome="Passed" testListId="8c84fa94-04c1-424b-9868-57a2d4851a1d" relativeResultsDirectory="5e4b4f97-c55f-4103-b756-5a21d128f6a0" />
    <UnitTestResult executionId="31305fae-b448-4ab6-9736-860b6f97fbe2" testId="7369a88f-923c-a914-b4b5-7466b91df855" testName="Elimina_Solo_Los_De_La_Empresa_Actual_Y_Confirma_Cantidad" computerName="DESKTOP-M3BHVTI" duration="00:00:00.0507600" startTime="2025-09-07T20:54:33.8663108-05:00" endTime="2025-09-07T20:54:33.9170449-05:00" testType="13cdc9d9-ddb5-4fa4-a97d-d965ccfc6d4b" outcome="Failed" testListId="8c84fa94-04c1-424b-9868-57a2d4851a1d" relativeResultsDirectory="31305fae-b448-4ab6-9736-860b6f97fbe2">
      <Output>
        <ErrorInfo>
          <Message>SharedKernel.Exceptions.BusinessRuleException : RUC inválido (dígito verificador).</Message>
          <StackTrace>   at SharedKernel.ValueObjects.DocumentoIdentidad.CrearRuc(String input) in C:\ProyectoFacturaFacil\src\SharedKernel\ValueObjects\DocumentoIdentidad.cs:line 137&#xD;
   at SharedKernel.ValueObjects.DocumentoIdentidad.Crear(TipoDocumento tipo, String numero) in C:\ProyectoFacturaFacil\src\SharedKernel\ValueObjects\DocumentoIdentidad.cs:line 38&#xD;
   at GestionClientesBC.Tests.Application.Clientes.EliminarTodosLosClientesUseCaseTests.RUC(String v) in C:\ProyectoFacturaFacil\tests\GestionClientesBC.Tests\Application\Tests\UseCaseTests\EliminarTodosLosClientesUseCaseTests.cs:line 24&#xD;
   at GestionClientesBC.Tests.Application.Clientes.EliminarTodosLosClientesUseCaseTests.ClienteRuc(EmpresaId emp, String ruc, String rs) in C:\ProyectoFacturaFacil\tests\GestionClientesBC.Tests\Application\Tests\UseCaseTests\EliminarTodosLosClientesUseCaseTests.cs:line 45&#xD;
   at GestionClientesBC.Tests.Application.Clientes.EliminarTodosLosClientesUseCaseTests.Elimina_Solo_Los_De_La_Empresa_Actual_Y_Confirma_Cantidad() in C:\ProyectoFacturaFacil\tests\GestionClientesBC.Tests\Application\Tests\UseCaseTests\EliminarTodosLosClientesUseCaseTests.cs:line 89&#xD;
   at NUnit.Framework.Internal.TaskAwaitAdapter.GenericAdapter`1.GetResult()&#xD;
   at NUnit.Framework.Internal.AsyncToSyncAdapter.Await[TResult](Func`1 invoke)&#xD;
   at NUnit.Framework.Internal.AsyncToSyncAdapter.Await(Func`1 invoke)&#xD;
   at NUnit.Framework.Internal.Commands.TestMethodCommand.RunTestMethod(TestExecutionContext context)&#xD;
   at NUnit.Framework.Internal.Commands.TestMethodCommand.Execute(TestExecutionContext context)&#xD;
   at NUnit.Framework.Internal.Execution.SimpleWorkItem.&lt;&gt;c__DisplayClass3_0.&lt;PerformWork&gt;b__0()&#xD;
   at NUnit.Framework.Internal.ContextUtils.&lt;&gt;c__DisplayClass1_0`1.&lt;DoIsolated&gt;b__0(Object _)&#xD;
   at System.Threading.ExecutionContext.RunInternal(ExecutionContext executionContext, ContextCallback callback, Object state)&#xD;
--- End of stack trace from previous location ---&#xD;
   at System.Threading.ExecutionContext.RunInternal(ExecutionContext executionContext, ContextCallback callback, Object state)&#xD;
   at NUnit.Framework.Internal.ContextUtils.DoIsolated(ContextCallback callback, Object state)&#xD;
   at NUnit.Framework.Internal.ContextUtils.DoIsolated[T](Func`1 func)&#xD;
   at NUnit.Framework.Internal.Execution.SimpleWorkItem.PerformWork()
</StackTrace>
        </ErrorInfo>
      </Output>
    </UnitTestResult>
    <UnitTestResult executionId="edd641e2-7be1-4e05-a309-26beb381db71" testId="d7a9659d-3d40-be73-dedb-f659390157aa" testName="Si_No_Hay_Clientes_De_La_Empresa_No_Elimina_Ni_Persist" computerName="DESKTOP-M3BHVTI" duration="00:00:00.0015430" startTime="2025-09-07T20:54:33.9176543-05:00" endTime="2025-09-07T20:54:33.9191973-05:00" testType="13cdc9d9-ddb5-4fa4-a97d-d965ccfc6d4b" outcome="Failed" testListId="8c84fa94-04c1-424b-9868-57a2d4851a1d" relativeResultsDirectory="edd641e2-7be1-4e05-a309-26beb381db71">
      <Output>
        <ErrorInfo>
          <Message>SharedKernel.Exceptions.BusinessRuleException : RUC inválido (dígito verificador).</Message>
          <StackTrace>   at SharedKernel.ValueObjects.DocumentoIdentidad.CrearRuc(String input) in C:\ProyectoFacturaFacil\src\SharedKernel\ValueObjects\DocumentoIdentidad.cs:line 137&#xD;
   at SharedKernel.ValueObjects.DocumentoIdentidad.Crear(TipoDocumento tipo, String numero) in C:\ProyectoFacturaFacil\src\SharedKernel\ValueObjects\DocumentoIdentidad.cs:line 38&#xD;
   at GestionClientesBC.Tests.Application.Clientes.EliminarTodosLosClientesUseCaseTests.RUC(String v) in C:\ProyectoFacturaFacil\tests\GestionClientesBC.Tests\Application\Tests\UseCaseTests\EliminarTodosLosClientesUseCaseTests.cs:line 24&#xD;
   at GestionClientesBC.Tests.Application.Clientes.EliminarTodosLosClientesUseCaseTests.ClienteRuc(EmpresaId emp, String ruc, String rs) in C:\ProyectoFacturaFacil\tests\GestionClientesBC.Tests\Application\Tests\UseCaseTests\EliminarTodosLosClientesUseCaseTests.cs:line 45&#xD;
   at GestionClientesBC.Tests.Application.Clientes.EliminarTodosLosClientesUseCaseTests.Si_No_Hay_Clientes_De_La_Empresa_No_Elimina_Ni_Persist() in C:\ProyectoFacturaFacil\tests\GestionClientesBC.Tests\Application\Tests\UseCaseTests\EliminarTodosLosClientesUseCaseTests.cs:line 128&#xD;
   at NUnit.Framework.Internal.TaskAwaitAdapter.GenericAdapter`1.GetResult()&#xD;
   at NUnit.Framework.Internal.AsyncToSyncAdapter.Await[TResult](Func`1 invoke)&#xD;
   at NUnit.Framework.Internal.AsyncToSyncAdapter.Await(Func`1 invoke)&#xD;
   at NUnit.Framework.Internal.Commands.TestMethodCommand.RunTestMethod(TestExecutionContext context)&#xD;
   at NUnit.Framework.Internal.Commands.TestMethodCommand.Execute(TestExecutionContext context)&#xD;
   at NUnit.Framework.Internal.Execution.SimpleWorkItem.&lt;&gt;c__DisplayClass3_0.&lt;PerformWork&gt;b__0()&#xD;
   at NUnit.Framework.Internal.ContextUtils.&lt;&gt;c__DisplayClass1_0`1.&lt;DoIsolated&gt;b__0(Object _)&#xD;
   at System.Threading.ExecutionContext.RunInternal(ExecutionContext executionContext, ContextCallback callback, Object state)&#xD;
--- End of stack trace from previous location ---&#xD;
   at System.Threading.ExecutionContext.RunInternal(ExecutionContext executionContext, ContextCallback callback, Object state)&#xD;
   at NUnit.Framework.Internal.ContextUtils.DoIsolated(ContextCallback callback, Object state)&#xD;
   at NUnit.Framework.Internal.ContextUtils.DoIsolated[T](Func`1 func)&#xD;
   at NUnit.Framework.Internal.Execution.SimpleWorkItem.PerformWork()
</StackTrace>
        </ErrorInfo>
      </Output>
    </UnitTestResult>
  </Results>
  <TestDefinitions>
    <UnitTest name="Si_No_Hay_Clientes_De_La_Empresa_No_Elimina_Ni_Persist" storage="c:\proyectofacturafacil\tests\gestionclientesbc.tests\bin\debug\net9.0\gestionclientesbc.tests.dll" id="d7a9659d-3d40-be73-dedb-f659390157aa">
      <Execution id="edd641e2-7be1-4e05-a309-26beb381db71" />
      <TestMethod codeBase="C:\ProyectoFacturaFacil\tests\GestionClientesBC.Tests\bin\Debug\net9.0\GestionClientesBC.Tests.dll" adapterTypeName="executor://nunit3testexecutor/" className="GestionClientesBC.Tests.Application.Clientes.EliminarTodosLosClientesUseCaseTests" name="Si_No_Hay_Clientes_De_La_Empresa_No_Elimina_Ni_Persist" />
    </UnitTest>
    <UnitTest name="Sin_Empresa_Actual_Lanza_Regla" storage="c:\proyectofacturafacil\tests\gestionclientesbc.tests\bin\debug\net9.0\gestionclientesbc.tests.dll" id="436403b4-3898-6d5c-0206-3ce03b369cf5">
      <Execution id="5e4b4f97-c55f-4103-b756-5a21d128f6a0" />
      <TestMethod codeBase="C:\ProyectoFacturaFacil\tests\GestionClientesBC.Tests\bin\Debug\net9.0\GestionClientesBC.Tests.dll" adapterTypeName="executor://nunit3testexecutor/" className="GestionClientesBC.Tests.Application.Clientes.EliminarTodosLosClientesUseCaseTests" name="Sin_Empresa_Actual_Lanza_Regla" />
    </UnitTest>
    <UnitTest name="Elimina_Solo_Los_De_La_Empresa_Actual_Y_Confirma_Cantidad" storage="c:\proyectofacturafacil\tests\gestionclientesbc.tests\bin\debug\net9.0\gestionclientesbc.tests.dll" id="7369a88f-923c-a914-b4b5-7466b91df855">
      <Execution id="31305fae-b448-4ab6-9736-860b6f97fbe2" />
      <TestMethod codeBase="C:\ProyectoFacturaFacil\tests\GestionClientesBC.Tests\bin\Debug\net9.0\GestionClientesBC.Tests.dll" adapterTypeName="executor://nunit3testexecutor/" className="GestionClientesBC.Tests.Application.Clientes.EliminarTodosLosClientesUseCaseTests" name="Elimina_Solo_Los_De_La_Empresa_Actual_Y_Confirma_Cantidad" />
    </UnitTest>
  </TestDefinitions>
  <TestEntries>
    <TestEntry testId="436403b4-3898-6d5c-0206-3ce03b369cf5" executionId="5e4b4f97-c55f-4103-b756-5a21d128f6a0" testListId="8c84fa94-04c1-424b-9868-57a2d4851a1d" />
    <TestEntry testId="7369a88f-923c-a914-b4b5-7466b91df855" executionId="31305fae-b448-4ab6-9736-860b6f97fbe2" testListId="8c84fa94-04c1-424b-9868-57a2d4851a1d" />
    <TestEntry testId="d7a9659d-3d40-be73-dedb-f659390157aa" executionId="edd641e2-7be1-4e05-a309-26beb381db71" testListId="8c84fa94-04c1-424b-9868-57a2d4851a1d" />
  </TestEntries>
  <TestLists>
    <TestList name="Resultados sin formato de lista" id="8c84fa94-04c1-424b-9868-57a2d4851a1d" />
    <TestList name="Todos los resultados cargados" id="19431567-8539-422a-85d7-44ee4e166bda" />
  </TestLists>
  <ResultSummary outcome="Failed">
    <Counters total="3" executed="3" passed="1" failed="2" error="0" timeout="0" aborted="0" inconclusive="0" passedButRunAborted="0" notRunnable="0" notExecuted="0" disconnected="0" warning="0" completed="0" inProgress="0" pending="0" />
    <Output>
      <StdOut>NUnit Adapter 4.6.0.0: Test execution started&#xD;
Running selected tests in C:\ProyectoFacturaFacil\tests\GestionClientesBC.Tests\bin\Debug\net9.0\GestionClientesBC.Tests.dll&#xD;
   NUnit3TestExecutor discovered 3 of 3 NUnit test cases using Current Discovery mode, Non-Explicit run&#xD;
NUnit Adapter 4.6.0.0: Test execution complete&#xD;
</StdOut>
    </Output>
  </ResultSummary>
</TestRun>